2019-09-10 21:14:41,226 - INFO - 199 : child memory usage 496545792
2019-09-10 21:14:41,256 - INFO - 199 : cpu time 135.390625
2019-09-10 21:14:41,256 - INFO - 199 : child cpu time 62.234375
2019-09-10 21:14:51,257 - INFO - 199 : memory usage 313831424
2019-09-10 21:14:51,258 - INFO - 199 : child memory usage 496660480
2019-09-10 21:14:51,266 - INFO - 199 : cpu time 135.4375
2019-09-10 21:14:51,284 - INFO - 199 : child cpu time 62.234375
2019-09-10 21:15:01,290 - INFO - 199 : memory usage 313831424
2019-09-10 21:15:01,291 - INFO - 199 : child memory usage 496660480
2019-09-10 21:15:01,305 - INFO - 199 : cpu time 135.5
2019-09-10 21:15:01,318 - INFO - 199 : child cpu time 62.234375
2019-09-10 21:15:11,338 - INFO - 199 : memory usage 313831424
2019-09-10 21:15:11,353 - INFO - 199 : child memory usage 496660480
2019-09-10 21:15:11,375 - INFO - 199 : cpu time 135.5625
2019-09-10 21:15:11,375 - INFO - 199 : child cpu time 62.234375
2019-09-10 21:15:21,376 - INFO - 199 : memory usage 313831424
2019-09-10 21:15:21,402 - INFO - 199 : child memory usage 496660480
2019-09-10 21:15:21,402 - INFO - 199 : cpu time 135.640625
2019-09-10 21:15:21,402 - INFO - 199 : child cpu time 62.234375
2019-09-10 21:15:31,406 - INFO - 199 : memory usage 313835520
2019-09-10 21:15:31,406 - INFO - 199 : child memory usage 496660480
2019-09-10 21:15:31,437 - INFO - 199 : cpu time 135.734375
2019-09-10 21:15:31,437 - INFO - 199 : child cpu time 62.234375
2019-09-10 21:15:41,442 - INFO - 199 : memory usage 313835520
2019-09-10 21:15:41,442 - INFO - 199 : child memory usage 496660480
2019-09-10 21:15:41,457 - INFO - 199 : cpu time 135.78125
2019-09-10 21:15:41,473 - INFO - 199 : child cpu time 62.234375
2019-09-10 21:15:51,478 - INFO - 199 : memory usage 313823232
2019-09-10 21:15:51,478 - INFO - 199 : child memory usage 496652288
2019-09-10 21:15:51,494 - INFO - 199 : cpu time 135.875
2019-09-10 21:15:51,510 - INFO - 199 : child cpu time 62.234375
2019-09-10 21:16:01,510 - INFO - 199 : memory usage 313827328
2019-09-10 21:16:01,511 - INFO - 199 : child memory usage 496656384
2019-09-10 21:16:01,520 - INFO - 199 : cpu time 135.96875
2019-09-10 21:16:01,520 - INFO - 199 : child cpu time 62.234375
2019-09-10 21:16:11,539 - INFO - 199 : memory usage 313827328
2019-09-10 21:16:11,541 - INFO - 199 : child memory usage 496656384
2019-09-10 21:16:11,541 - INFO - 199 : cpu time 136.03125
2019-09-10 21:16:11,557 - INFO - 199 : child cpu time 62.234375
2019-09-10 21:16:21,586 - INFO - 199 : memory usage 313831424
2019-09-10 21:16:21,586 - INFO - 199 : child memory usage 496656384
2019-09-10 21:16:21,609 - INFO - 199 : cpu time 136.109375
2019-09-10 21:16:21,609 - INFO - 199 : child cpu time 62.234375
2019-09-10 21:16:31,609 - INFO - 199 : memory usage 313827328
2019-09-10 21:16:31,620 - INFO - 199 : child memory usage 496656384
2019-09-10 21:16:31,627 - INFO - 199 : cpu time 136.140625
2019-09-10 21:16:31,642 - INFO - 199 : child cpu time 62.234375
2019-09-10 21:16:41,657 - INFO - 199 : memory usage 313827328
2019-09-10 21:16:41,657 - INFO - 199 : child memory usage 496656384
2019-09-10 21:16:41,672 - INFO - 199 : cpu time 136.234375
2019-09-10 21:16:41,688 - INFO - 199 : child cpu time 62.234375
2019-09-10 21:16:51,705 - INFO - 199 : memory usage 313827328
2019-09-10 21:16:51,705 - INFO - 199 : child memory usage 496656384
2019-09-10 21:16:51,723 - INFO - 199 : cpu time 136.28125
2019-09-10 21:16:51,739 - INFO - 199 : child cpu time 62.234375
2019-09-10 21:17:01,741 - INFO - 199 : memory usage 313827328
2019-09-10 21:17:01,741 - INFO - 199 : child memory usage 496656384
2019-09-10 21:17:01,749 - INFO - 199 : cpu time 136.359375
2019-09-10 21:17:01,751 - INFO - 199 : child cpu time 62.234375
2019-09-10 21:17:11,773 - INFO - 199 : memory usage 313831424
2019-09-10 21:17:11,774 - INFO - 199 : child memory usage 496656384
2019-09-10 21:17:11,783 - INFO - 199 : cpu time 136.4375
2019-09-10 21:17:11,795 - INFO - 199 : child cpu time 62.234375
2019-09-10 21:17:21,811 - INFO - 199 : memory usage 313831424
2019-09-10 21:17:21,812 - INFO - 199 : child memory usage 496656384
2019-09-10 21:17:21,821 - INFO - 199 : cpu time 136.515625
2019-09-10 21:17:21,827 - INFO - 199 : child cpu time 62.234375
2019-09-10 21:17:31,850 - INFO - 199 : memory usage 313831424
2019-09-10 21:17:31,850 - INFO - 199 : child memory usage 496656384
2019-09-10 21:17:31,850 - INFO - 199 : cpu time 136.578125
2019-09-10 21:17:31,850 - INFO - 199 : child cpu time 62.234375
2019-09-10 21:17:41,866 - INFO - 199 : memory usage 313827328
2019-09-10 21:17:41,885 - INFO - 199 : child memory usage 496656384
2019-09-10 21:17:41,885 - INFO - 199 : cpu time 136.671875
2019-09-10 21:17:41,893 - INFO - 199 : child cpu time 62.234375
2019-09-10 21:17:51,923 - INFO - 199 : memory usage 313835520
2019-09-10 21:17:51,923 - INFO - 199 : child memory usage 496660480
2019-09-10 21:17:51,923 - INFO - 199 : cpu time 136.765625
2019-09-10 21:17:51,938 - INFO - 199 : child cpu time 62.234375
2019-09-10 21:18:01,954 - INFO - 199 : memory usage 313831424
2019-09-10 21:18:01,955 - INFO - 199 : child memory usage 496660480
2019-09-10 21:18:01,964 - INFO - 199 : cpu time 136.828125
2019-09-10 21:18:01,982 - INFO - 199 : child cpu time 62.234375
2019-09-10 21:18:11,990 - INFO - 199 : memory usage 313831424
2019-09-10 21:18:12,001 - INFO - 199 : child memory usage 496660480
2019-09-10 21:18:12,021 - INFO - 199 : cpu time 136.890625
2019-09-10 21:18:12,027 - INFO - 199 : child cpu time 62.234375
2019-09-10 21:18:22,028 - INFO - 199 : memory usage 313831424
2019-09-10 21:18:22,029 - INFO - 199 : child memory usage 496660480
2019-09-10 21:18:22,046 - INFO - 199 : cpu time 136.953125
2019-09-10 21:18:22,059 - INFO - 199 : child cpu time 62.234375
2019-09-10 21:18:32,065 - INFO - 199 : memory usage 313831424
2019-09-10 21:18:32,067 - INFO - 199 : child memory usage 496660480
2019-09-10 21:18:32,067 - INFO - 199 : cpu time 137.0
2019-09-10 21:18:32,068 - INFO - 199 : child cpu time 62.234375
2019-09-10 21:18:42,101 - INFO - 199 : memory usage 313831424
2019-09-10 21:18:42,102 - INFO - 199 : child memory usage 496660480
2019-09-10 21:18:42,102 - INFO - 199 : cpu time 137.09375
2019-09-10 21:18:42,102 - INFO - 199 : child cpu time 62.234375
2019-09-10 21:18:52,110 - INFO - 199 : memory usage 313835520
2019-09-10 21:18:52,111 - INFO - 199 : child memory usage 496660480
2019-09-10 21:18:52,119 - INFO - 199 : cpu time 137.140625
2019-09-10 21:18:52,136 - INFO - 199 : child cpu time 62.234375
2019-09-10 21:19:02,144 - INFO - 199 : memory usage 313831424
2019-09-10 21:19:02,145 - INFO - 199 : child memory usage 496660480
2019-09-10 21:19:02,145 - INFO - 199 : cpu time 137.1875
2019-09-10 21:19:02,145 - INFO - 199 : child cpu time 62.234375
2019-09-10 21:19:12,154 - INFO - 199 : memory usage 313835520
2019-09-10 21:19:12,156 - INFO - 199 : child memory usage 496660480
2019-09-10 21:19:12,157 - INFO - 199 : cpu time 137.28125
2019-09-10 21:19:12,157 - INFO - 199 : child cpu time 62.234375
2019-09-10 21:19:22,170 - INFO - 199 : memory usage 313831424
2019-09-10 21:19:22,171 - INFO - 199 : child memory usage 496660480
2019-09-10 21:19:22,180 - INFO - 199 : cpu time 137.390625
2019-09-10 21:19:22,210 - INFO - 199 : child cpu time 62.234375
2019-09-10 21:23:18,721 - INFO - 199 : Starting usage telemetry collection
2019-09-10 21:23:18,781 - INFO - 199 : Extracting user Data
2019-09-10 21:23:18,781 - INFO - 199 : User has validation defined, no train rule based validation needed.
2019-09-10 21:23:18,782 - INFO - 199 : Start creating parent run with DTO:  - name: House
 - subscription_id: 516418a1-d9c1-42cd-a33a-27afc3113f96
 - region: westus
 - spark_context: None
 - spark_service: None
 - iterations: 2
 - primary_metric: spearman_correlation
 - task_type: regression
 - validation_size: 0.0
 - n_cross_validations: 5
 - y_min: 14999.0
 - y_max: 500001.0
 - num_classes: None
 - preprocess: True
 - lag_length: 0
 - is_timeseries: False
 - max_cores_per_iteration: 1
 - max_concurrent_iterations: 1
 - iteration_timeout_minutes: 2
 - mem_in_mb: None
 - enforce_time_on_windows: True
 - experiment_timeout_minutes: None
 - experiment_exit_score: None
 - whitelist_models: None
 - blacklist_algos: ['KNN', 'KNN', 'SVM']
 - auto_blacklist: True
 - blacklist_samples_reached: True
 - exclude_nan_labels: True
 - verbosity: 20
 - show_warnings: False
 - model_explainability: False
 - service_url: None
 - sdk_url: None
 - sdk_packages: None
 - enable_onnx_compatible_models: False
 - enable_feature_sweeping: True
 - telemetry_verbosity: INFO
 - send_telemetry: True
 - enable_early_stopping: False
 - early_stopping_n_iters: 10
 - metrics: None
 - enable_ensembling: False
 - enable_stack_ensembling: False
 - ensemble_iterations: None
 - enable_tf: False
 - enable_cache: True
 - enable_subsampling: False
 - subsample_seed: None
 - enable_nimbusml: False
 - use_incremental_learning: False
 - cost_mode: 0
 - metric_operation: maximize.
2019-09-10 21:23:24,069 - INFO - 199 : [RunId:AutoML_b6ad9b99-21ed-4cf0-9945-3d296ca2c7eb]SDK dependencies versions:{"azureml-widgets": "1.0.60", "azureml-train": "1.0.60", "azureml-train-restclients-hyperdrive": "1.0.60", "azureml-train-core": "1.0.60", "azureml-train-automl": "1.0.60.2", "azureml-telemetry": "1.0.60", "azureml-sdk": "1.0.60", "azureml-pipeline": "1.0.60", "azureml-pipeline-steps": "1.0.60", "azureml-pipeline-core": "1.0.60", "azureml-dataprep": "1.1.14", "azureml-dataprep-native": "13.0.3", "azureml-core": "1.0.60", "azureml-contrib-notebook": "1.0.60", "azureml-automl-core": "1.0.60", "azureml-opendatasets": "1.0.60"}.
2019-09-10 21:23:25,267 - INFO - 199 : [ParentRunID:AutoML_b6ad9b99-21ed-4cf0-9945-3d296ca2c7eb] Local run using input X and y.
2019-09-10 21:23:25,267 - INFO - 199 : Parent Run ID: AutoML_b6ad9b99-21ed-4cf0-9945-3d296ca2c7eb
2019-09-10 21:23:25,267 - INFO - 199 : [ParentRunId:AutoML_b6ad9b99-21ed-4cf0-9945-3d296ca2c7eb]Input X datatype is <class 'numpy.ndarray'>, shape is (13828, 9), datasize is 995616.
2019-09-10 21:23:25,267 - INFO - 199 : [ParentRunId:AutoML_b6ad9b99-21ed-4cf0-9945-3d296ca2c7eb]Input y datatype is <class 'numpy.ndarray'>, shape is (13828,), datasize is 110720.
2019-09-10 21:23:25,268 - INFO - 199 : ActivityStarted, PreProcess
2019-09-10 21:23:25,269 - INFO - 199 : Pre-processing user data
2019-09-10 21:23:25,269 - INFO - 199 : The size of raw data is: 1106635
2019-09-10 21:23:25,270 - INFO - 199 : [YCol]RawFeatureStats:{"num_unique_vals": "3505", "total_number_vals": "13828", "total_number_vals_including_nans": "13828", "num_na": "0", "column_type": "\"floating\"", "lengths": "null", "num_unique_lens": "0", "average_entry_length": "0", "average_number_spaces": "0", "cardinality_ratio": "0", "is_datetime": "false", "is_all_nan": "false"}
2019-09-10 21:23:25,271 - INFO - 199 : X datatype is <class 'numpy.ndarray'>, shape is (13828, 9), datasize is 995616.
2019-09-10 21:23:25,271 - INFO - 199 : y datatype is <class 'numpy.ndarray'>, shape is (13828,), datasize is 110720.
2019-09-10 21:23:26,455 - INFO - 199 : Featurizer mapper not found so learn all the transforms
2019-09-10 21:23:27,986 - INFO - 199 : Start getting transformers.
2019-09-10 21:23:28,747 - INFO - 199 : memory usage 311513088
2019-09-10 21:23:28,747 - INFO - 199 : child memory usage 311513088
2019-09-10 21:23:28,747 - INFO - 199 : cpu time 5.84375
2019-09-10 21:23:28,747 - INFO - 199 : child cpu time 0.0
2019-09-10 21:23:29,414 - INFO - 199 : [XColNum:0]RawFeatureStats:{"num_unique_vals": "814", "total_number_vals": "13828", "total_number_vals_including_nans": "13828", "num_na": "0", "column_type": "\"floating\"", "lengths": "null", "num_unique_lens": "0", "average_entry_length": "0", "average_number_spaces": "0", "cardinality_ratio": "0", "is_datetime": "false", "is_all_nan": "false"}
2019-09-10 21:23:29,415 - INFO - 199 : Preprocess transformer for col 0, datatype: float64, detected datatype Numeric
2019-09-10 21:23:29,416 - INFO - 199 : [XColNum:1]RawFeatureStats:{"num_unique_vals": "821", "total_number_vals": "13828", "total_number_vals_including_nans": "13828", "num_na": "0", "column_type": "\"floating\"", "lengths": "null", "num_unique_lens": "0", "average_entry_length": "0", "average_number_spaces": "0", "cardinality_ratio": "0", "is_datetime": "false", "is_all_nan": "false"}
2019-09-10 21:23:29,416 - INFO - 199 : Preprocess transformer for col 1, datatype: float64, detected datatype Numeric
2019-09-10 21:23:29,416 - INFO - 199 : [XColNum:2]RawFeatureStats:{"num_unique_vals": "52", "total_number_vals": "13828", "total_number_vals_including_nans": "13828", "num_na": "0", "column_type": "\"floating\"", "lengths": "null", "num_unique_lens": "0", "average_entry_length": "0", "average_number_spaces": "0", "cardinality_ratio": "0", "is_datetime": "false", "is_all_nan": "false"}
2019-09-10 21:23:29,417 - INFO - 199 : Preprocess transformer for col 2, datatype: float64, detected datatype Numeric
2019-09-10 21:23:29,417 - INFO - 199 : [XColNum:3]RawFeatureStats:{"num_unique_vals": "5129", "total_number_vals": "13828", "total_number_vals_including_nans": "13828", "num_na": "0", "column_type": "\"floating\"", "lengths": "null", "num_unique_lens": "0", "average_entry_length": "0", "average_number_spaces": "0", "cardinality_ratio": "0", "is_datetime": "false", "is_all_nan": "false"}
2019-09-10 21:23:29,417 - INFO - 199 : Preprocess transformer for col 3, datatype: float64, detected datatype Numeric
2019-09-10 21:23:29,418 - INFO - 199 : [XColNum:4]RawFeatureStats:{"num_unique_vals": "1733", "total_number_vals": "13828", "total_number_vals_including_nans": "13828", "num_na": "0", "column_type": "\"floating\"", "lengths": "null", "num_unique_lens": "0", "average_entry_length": "0", "average_number_spaces": "0", "cardinality_ratio": "0", "is_datetime": "false", "is_all_nan": "false"}
2019-09-10 21:23:29,418 - INFO - 199 : Preprocess transformer for col 4, datatype: float64, detected datatype Numeric
2019-09-10 21:23:29,418 - INFO - 199 : [XColNum:5]RawFeatureStats:{"num_unique_vals": "3450", "total_number_vals": "13828", "total_number_vals_including_nans": "13828", "num_na": "0", "column_type": "\"floating\"", "lengths": "null", "num_unique_lens": "0", "average_entry_length": "0", "average_number_spaces": "0", "cardinality_ratio": "0", "is_datetime": "false", "is_all_nan": "false"}
2019-09-10 21:23:29,419 - INFO - 199 : Preprocess transformer for col 5, datatype: float64, detected datatype Numeric
2019-09-10 21:23:29,419 - INFO - 199 : [XColNum:6]RawFeatureStats:{"num_unique_vals": "1637", "total_number_vals": "13828", "total_number_vals_including_nans": "13828", "num_na": "0", "column_type": "\"floating\"", "lengths": "null", "num_unique_lens": "0", "average_entry_length": "0", "average_number_spaces": "0", "cardinality_ratio": "0", "is_datetime": "false", "is_all_nan": "false"}
2019-09-10 21:23:29,419 - INFO - 199 : Preprocess transformer for col 6, datatype: float64, detected datatype Numeric
2019-09-10 21:23:29,420 - INFO - 199 : [XColNum:7]RawFeatureStats:{"num_unique_vals": "9506", "total_number_vals": "13828", "total_number_vals_including_nans": "13828", "num_na": "0", "column_type": "\"floating\"", "lengths": "null", "num_unique_lens": "0", "average_entry_length": "0", "average_number_spaces": "0", "cardinality_ratio": "0", "is_datetime": "false", "is_all_nan": "false"}
2019-09-10 21:23:29,420 - INFO - 199 : Preprocess transformer for col 7, datatype: float64, detected datatype Numeric
2019-09-10 21:23:29,421 - INFO - 199 : [XColNum:8]RawFeatureStats:{"num_unique_vals": "5", "total_number_vals": "13828", "total_number_vals_including_nans": "13828", "num_na": "0", "column_type": "\"floating\"", "lengths": "null", "num_unique_lens": "0", "average_entry_length": "0", "average_number_spaces": "0", "cardinality_ratio": "0", "is_datetime": "false", "is_all_nan": "false"}
2019-09-10 21:23:29,421 - INFO - 199 : Preprocess transformer for col 8, datatype: float64, detected datatype Numeric
2019-09-10 21:23:29,422 - INFO - 199 : Performing feature sweeping
2019-09-10 21:23:31,255 - INFO - 199 : Sweeping added the following transforms: []
2019-09-10 21:23:31,255 - INFO - 199 : Transforms:
col 0, transformers: Imputer
col 1, transformers: Imputer
col 2, transformers: Imputer
col 3, transformers: Imputer
col 4, transformers: Imputer
col 5, transformers: Imputer
col 6, transformers: Imputer
col 7, transformers: Imputer
col 8, transformers: Imputer
2019-09-10 21:23:31,255 - INFO - 199 : The stats_computation for raw data are following:-
	Number of Numeric features: 9
	Number of DateTime features: 0
	Number of AllNan features: 0
	Number of CategoricalHash features: 0
	Number of Hashes features: 0
	Number of Ignore features: 0
	Number of Categorical features: 0
	Number of Text features: 0
2019-09-10 21:23:31,256 - INFO - 199 : End getting transformers.
2019-09-10 21:23:31,270 - INFO - 199 : Starting to apply transforms. Total ram: 34156810240 bytes
2019-09-10 21:23:31,271 - INFO - 199 : Transform memory estimate: 0 bytes, Current available memory: 23153614848 bytes
2019-09-10 21:23:31,271 - INFO - 199 : Imputer: Applying transform.
2019-09-10 21:23:31,273 - INFO - 199 : Imputer: Finished applying transform. Shape (13828, 1)
2019-09-10 21:23:31,274 - INFO - 199 : Transform memory estimate: 0 bytes, Current available memory: 23153172480 bytes
2019-09-10 21:23:31,274 - INFO - 199 : Imputer: Applying transform.
2019-09-10 21:23:31,299 - INFO - 199 : Imputer: Finished applying transform. Shape (13828, 1)
2019-09-10 21:23:31,299 - INFO - 199 : Transform memory estimate: 0 bytes, Current available memory: 23100514304 bytes
2019-09-10 21:23:31,335 - INFO - 199 : Imputer: Applying transform.
2019-09-10 21:23:31,338 - INFO - 199 : Imputer: Finished applying transform. Shape (13828, 1)
2019-09-10 21:23:31,338 - INFO - 199 : Transform memory estimate: 0 bytes, Current available memory: 23012532224 bytes
2019-09-10 21:23:31,339 - INFO - 199 : Imputer: Applying transform.
2019-09-10 21:23:31,342 - INFO - 199 : Imputer: Finished applying transform. Shape (13828, 1)
2019-09-10 21:23:31,342 - INFO - 199 : Transform memory estimate: 0 bytes, Current available memory: 23011696640 bytes
2019-09-10 21:23:31,342 - INFO - 199 : Imputer: Applying transform.
2019-09-10 21:23:31,344 - INFO - 199 : Imputer: Finished applying transform. Shape (13828, 1)
2019-09-10 21:23:31,344 - INFO - 199 : Transform memory estimate: 0 bytes, Current available memory: 23011233792 bytes
2019-09-10 21:23:31,344 - INFO - 199 : Imputer: Applying transform.
2019-09-10 21:23:31,346 - INFO - 199 : Imputer: Finished applying transform. Shape (13828, 1)
2019-09-10 21:23:31,347 - INFO - 199 : Transform memory estimate: 0 bytes, Current available memory: 23009120256 bytes
2019-09-10 21:23:31,347 - INFO - 199 : Imputer: Applying transform.
2019-09-10 21:23:31,349 - INFO - 199 : Imputer: Finished applying transform. Shape (13828, 1)
2019-09-10 21:23:31,350 - INFO - 199 : Transform memory estimate: 0 bytes, Current available memory: 22998491136 bytes
2019-09-10 21:23:31,350 - INFO - 199 : Imputer: Applying transform.
2019-09-10 21:23:31,352 - INFO - 199 : Imputer: Finished applying transform. Shape (13828, 1)
2019-09-10 21:23:31,353 - INFO - 199 : Transform memory estimate: 0 bytes, Current available memory: 22994235392 bytes
2019-09-10 21:23:31,353 - INFO - 199 : Imputer: Applying transform.
2019-09-10 21:23:31,355 - INFO - 199 : Imputer: Finished applying transform. Shape (13828, 1)
2019-09-10 21:23:31,356 - INFO - 199 : Finished applying transforms
2019-09-10 21:23:33,804 - INFO - 199 : Creating cross validations
2019-09-10 21:23:34,901 - INFO - 199 : Found cross validation type: KFoldCrossValidationSplit
2019-09-10 21:23:34,902 - INFO - 199 : Creating featurized version of CV splits data
2019-09-10 21:23:34,912 - INFO - 199 : Starting to apply transforms. Total ram: 34156810240 bytes
2019-09-10 21:23:34,913 - INFO - 199 : Transform memory estimate: 0 bytes, Current available memory: 21232996352 bytes
2019-09-10 21:23:34,913 - INFO - 199 : Imputer: Applying transform.
2019-09-10 21:23:34,914 - INFO - 199 : Imputer: Finished applying transform. Shape (11062, 1)
2019-09-10 21:23:34,914 - INFO - 199 : Transform memory estimate: 0 bytes, Current available memory: 21232996352 bytes
2019-09-10 21:23:34,914 - INFO - 199 : Imputer: Applying transform.
2019-09-10 21:23:34,915 - INFO - 199 : Imputer: Finished applying transform. Shape (11062, 1)
2019-09-10 21:23:34,916 - INFO - 199 : Transform memory estimate: 0 bytes, Current available memory: 21232996352 bytes
2019-09-10 21:23:34,916 - INFO - 199 : Imputer: Applying transform.
2019-09-10 21:23:34,932 - INFO - 199 : Imputer: Finished applying transform. Shape (11062, 1)
2019-09-10 21:23:34,944 - INFO - 199 : Transform memory estimate: 0 bytes, Current available memory: 21232996352 bytes
2019-09-10 21:23:34,950 - INFO - 199 : Imputer: Applying transform.
2019-09-10 21:23:34,951 - INFO - 199 : Imputer: Finished applying transform. Shape (11062, 1)
2019-09-10 21:23:34,951 - INFO - 199 : Transform memory estimate: 0 bytes, Current available memory: 21233057792 bytes
2019-09-10 21:23:34,952 - INFO - 199 : Imputer: Applying transform.
2019-09-10 21:23:34,953 - INFO - 199 : Imputer: Finished applying transform. Shape (11062, 1)
2019-09-10 21:23:34,953 - INFO - 199 : Transform memory estimate: 0 bytes, Current available memory: 21233057792 bytes
2019-09-10 21:23:34,953 - INFO - 199 : Imputer: Applying transform.
2019-09-10 21:23:34,954 - INFO - 199 : Imputer: Finished applying transform. Shape (11062, 1)
2019-09-10 21:23:34,954 - INFO - 199 : Transform memory estimate: 0 bytes, Current available memory: 21233057792 bytes
2019-09-10 21:23:34,955 - INFO - 199 : Imputer: Applying transform.
2019-09-10 21:23:34,956 - INFO - 199 : Imputer: Finished applying transform. Shape (11062, 1)
2019-09-10 21:23:34,956 - INFO - 199 : Transform memory estimate: 0 bytes, Current available memory: 21233057792 bytes
2019-09-10 21:23:34,956 - INFO - 199 : Imputer: Applying transform.
2019-09-10 21:23:34,957 - INFO - 199 : Imputer: Finished applying transform. Shape (11062, 1)
2019-09-10 21:23:34,958 - INFO - 199 : Transform memory estimate: 0 bytes, Current available memory: 21233057792 bytes
2019-09-10 21:23:34,958 - INFO - 199 : Imputer: Applying transform.
2019-09-10 21:23:34,959 - INFO - 199 : Imputer: Finished applying transform. Shape (11062, 1)
2019-09-10 21:23:34,959 - INFO - 199 : Finished applying transforms
2019-09-10 21:23:34,960 - INFO - 199 : Starting to apply transforms. Total ram: 34156810240 bytes
2019-09-10 21:23:34,961 - INFO - 199 : Transform memory estimate: 0 bytes, Current available memory: 21233057792 bytes
2019-09-10 21:23:34,961 - INFO - 199 : Imputer: Applying transform.
2019-09-10 21:23:34,962 - INFO - 199 : Imputer: Finished applying transform. Shape (2766, 1)
2019-09-10 21:23:34,962 - INFO - 199 : Transform memory estimate: 0 bytes, Current available memory: 21233057792 bytes
2019-09-10 21:23:34,962 - INFO - 199 : Imputer: Applying transform.
2019-09-10 21:23:34,963 - INFO - 199 : Imputer: Finished applying transform. Shape (2766, 1)
2019-09-10 21:23:34,964 - INFO - 199 : Transform memory estimate: 0 bytes, Current available memory: 21233057792 bytes
2019-09-10 21:23:34,964 - INFO - 199 : Imputer: Applying transform.
2019-09-10 21:23:34,965 - INFO - 199 : Imputer: Finished applying transform. Shape (2766, 1)
2019-09-10 21:23:34,965 - INFO - 199 : Transform memory estimate: 0 bytes, Current available memory: 21233057792 bytes
2019-09-10 21:23:34,965 - INFO - 199 : Imputer: Applying transform.
2019-09-10 21:23:34,966 - INFO - 199 : Imputer: Finished applying transform. Shape (2766, 1)
2019-09-10 21:23:34,967 - INFO - 199 : Transform memory estimate: 0 bytes, Current available memory: 21233057792 bytes
2019-09-10 21:23:34,967 - INFO - 199 : Imputer: Applying transform.
2019-09-10 21:23:34,968 - INFO - 199 : Imputer: Finished applying transform. Shape (2766, 1)
2019-09-10 21:23:34,968 - INFO - 199 : Transform memory estimate: 0 bytes, Current available memory: 21233057792 bytes
2019-09-10 21:23:34,968 - INFO - 199 : Imputer: Applying transform.
2019-09-10 21:23:34,969 - INFO - 199 : Imputer: Finished applying transform. Shape (2766, 1)
2019-09-10 21:23:34,969 - INFO - 199 : Transform memory estimate: 0 bytes, Current available memory: 21233057792 bytes
2019-09-10 21:23:34,970 - INFO - 199 : Imputer: Applying transform.
2019-09-10 21:23:34,971 - INFO - 199 : Imputer: Finished applying transform. Shape (2766, 1)
2019-09-10 21:23:34,971 - INFO - 199 : Transform memory estimate: 0 bytes, Current available memory: 21233057792 bytes
2019-09-10 21:23:34,971 - INFO - 199 : Imputer: Applying transform.
2019-09-10 21:23:34,972 - INFO - 199 : Imputer: Finished applying transform. Shape (2766, 1)
2019-09-10 21:23:34,972 - INFO - 199 : Transform memory estimate: 0 bytes, Current available memory: 21233057792 bytes
2019-09-10 21:23:34,973 - INFO - 199 : Imputer: Applying transform.
2019-09-10 21:23:34,974 - INFO - 199 : Imputer: Finished applying transform. Shape (2766, 1)
2019-09-10 21:23:34,974 - INFO - 199 : Finished applying transforms
2019-09-10 21:23:34,974 - INFO - 199 : _X_train_transformed: (11062, 9)
y_train: (11062,)
X_test_transformed: (2766, 9)
y_test: (2766,)
size of split is: 1106752

2019-09-10 21:23:34,980 - INFO - 199 : Adding pickle key: featurized_cv_split_0
2019-09-10 21:23:34,991 - INFO - 199 : Starting to apply transforms. Total ram: 34156810240 bytes
2019-09-10 21:23:34,992 - INFO - 199 : Transform memory estimate: 0 bytes, Current available memory: 21233082368 bytes
2019-09-10 21:23:34,992 - INFO - 199 : Imputer: Applying transform.
2019-09-10 21:23:34,993 - INFO - 199 : Imputer: Finished applying transform. Shape (11062, 1)
2019-09-10 21:23:34,993 - INFO - 199 : Transform memory estimate: 0 bytes, Current available memory: 21233090560 bytes
2019-09-10 21:23:34,993 - INFO - 199 : Imputer: Applying transform.
2019-09-10 21:23:34,994 - INFO - 199 : Imputer: Finished applying transform. Shape (11062, 1)
2019-09-10 21:23:34,995 - INFO - 199 : Transform memory estimate: 0 bytes, Current available memory: 21233090560 bytes
2019-09-10 21:23:34,995 - INFO - 199 : Imputer: Applying transform.
2019-09-10 21:23:34,996 - INFO - 199 : Imputer: Finished applying transform. Shape (11062, 1)
2019-09-10 21:23:34,996 - INFO - 199 : Transform memory estimate: 0 bytes, Current available memory: 21233090560 bytes
2019-09-10 21:23:34,996 - INFO - 199 : Imputer: Applying transform.
2019-09-10 21:23:34,998 - INFO - 199 : Imputer: Finished applying transform. Shape (11062, 1)
2019-09-10 21:23:34,998 - INFO - 199 : Transform memory estimate: 0 bytes, Current available memory: 21233090560 bytes
2019-09-10 21:23:34,998 - INFO - 199 : Imputer: Applying transform.
2019-09-10 21:23:34,999 - INFO - 199 : Imputer: Finished applying transform. Shape (11062, 1)
2019-09-10 21:23:34,999 - INFO - 199 : Transform memory estimate: 0 bytes, Current available memory: 21233090560 bytes
2019-09-10 21:23:35,000 - INFO - 199 : Imputer: Applying transform.
2019-09-10 21:23:35,001 - INFO - 199 : Imputer: Finished applying transform. Shape (11062, 1)
2019-09-10 21:23:35,001 - INFO - 199 : Transform memory estimate: 0 bytes, Current available memory: 21233090560 bytes
2019-09-10 21:23:35,001 - INFO - 199 : Imputer: Applying transform.
2019-09-10 21:23:35,002 - INFO - 199 : Imputer: Finished applying transform. Shape (11062, 1)
2019-09-10 21:23:35,003 - INFO - 199 : Transform memory estimate: 0 bytes, Current available memory: 21233090560 bytes
2019-09-10 21:23:35,003 - INFO - 199 : Imputer: Applying transform.
2019-09-10 21:23:35,004 - INFO - 199 : Imputer: Finished applying transform. Shape (11062, 1)
2019-09-10 21:23:35,004 - INFO - 199 : Transform memory estimate: 0 bytes, Current available memory: 21233090560 bytes
2019-09-10 21:23:35,005 - INFO - 199 : Imputer: Applying transform.
2019-09-10 21:23:35,006 - INFO - 199 : Imputer: Finished applying transform. Shape (11062, 1)
2019-09-10 21:23:35,006 - INFO - 199 : Finished applying transforms
2019-09-10 21:23:35,007 - INFO - 199 : Starting to apply transforms. Total ram: 34156810240 bytes
2019-09-10 21:23:35,007 - INFO - 199 : Transform memory estimate: 0 bytes, Current available memory: 21233090560 bytes
2019-09-10 21:23:35,008 - INFO - 199 : Imputer: Applying transform.
2019-09-10 21:23:35,009 - INFO - 199 : Imputer: Finished applying transform. Shape (2766, 1)
2019-09-10 21:23:35,009 - INFO - 199 : Transform memory estimate: 0 bytes, Current available memory: 21233090560 bytes
2019-09-10 21:23:35,009 - INFO - 199 : Imputer: Applying transform.
2019-09-10 21:23:35,010 - INFO - 199 : Imputer: Finished applying transform. Shape (2766, 1)
2019-09-10 21:23:35,011 - INFO - 199 : Transform memory estimate: 0 bytes, Current available memory: 21233090560 bytes
2019-09-10 21:23:35,011 - INFO - 199 : Imputer: Applying transform.
2019-09-10 21:23:35,012 - INFO - 199 : Imputer: Finished applying transform. Shape (2766, 1)
2019-09-10 21:23:35,012 - INFO - 199 : Transform memory estimate: 0 bytes, Current available memory: 21233025024 bytes
2019-09-10 21:23:35,012 - INFO - 199 : Imputer: Applying transform.
2019-09-10 21:23:35,013 - INFO - 199 : Imputer: Finished applying transform. Shape (2766, 1)
2019-09-10 21:23:35,013 - INFO - 199 : Transform memory estimate: 0 bytes, Current available memory: 21233025024 bytes
2019-09-10 21:23:35,014 - INFO - 199 : Imputer: Applying transform.
2019-09-10 21:23:35,015 - INFO - 199 : Imputer: Finished applying transform. Shape (2766, 1)
2019-09-10 21:23:35,015 - INFO - 199 : Transform memory estimate: 0 bytes, Current available memory: 21233025024 bytes
2019-09-10 21:23:35,015 - INFO - 199 : Imputer: Applying transform.
2019-09-10 21:23:35,016 - INFO - 199 : Imputer: Finished applying transform. Shape (2766, 1)
2019-09-10 21:23:35,016 - INFO - 199 : Transform memory estimate: 0 bytes, Current available memory: 21233025024 bytes
2019-09-10 21:23:35,016 - INFO - 199 : Imputer: Applying transform.
2019-09-10 21:23:35,018 - INFO - 199 : Imputer: Finished applying transform. Shape (2766, 1)
2019-09-10 21:23:35,018 - INFO - 199 : Transform memory estimate: 0 bytes, Current available memory: 21233016832 bytes
2019-09-10 21:23:35,018 - INFO - 199 : Imputer: Applying transform.
2019-09-10 21:23:35,019 - INFO - 199 : Imputer: Finished applying transform. Shape (2766, 1)
2019-09-10 21:23:35,019 - INFO - 199 : Transform memory estimate: 0 bytes, Current available memory: 21233016832 bytes
2019-09-10 21:23:35,019 - INFO - 199 : Imputer: Applying transform.
2019-09-10 21:23:35,021 - INFO - 199 : Imputer: Finished applying transform. Shape (2766, 1)
2019-09-10 21:23:35,021 - INFO - 199 : Finished applying transforms
2019-09-10 21:23:35,021 - INFO - 199 : _X_train_transformed: (11062, 9)
y_train: (11062,)
X_test_transformed: (2766, 9)
y_test: (2766,)
size of split is: 1106752

2019-09-10 21:23:35,033 - INFO - 199 : Adding pickle key: featurized_cv_split_1
2019-09-10 21:23:35,045 - INFO - 199 : Starting to apply transforms. Total ram: 34156810240 bytes
2019-09-10 21:23:35,045 - INFO - 199 : Transform memory estimate: 0 bytes, Current available memory: 21233012736 bytes
2019-09-10 21:23:35,045 - INFO - 199 : Imputer: Applying transform.
2019-09-10 21:23:35,046 - INFO - 199 : Imputer: Finished applying transform. Shape (11062, 1)
2019-09-10 21:23:35,047 - INFO - 199 : Transform memory estimate: 0 bytes, Current available memory: 21233037312 bytes
2019-09-10 21:23:35,047 - INFO - 199 : Imputer: Applying transform.
2019-09-10 21:23:35,048 - INFO - 199 : Imputer: Finished applying transform. Shape (11062, 1)
2019-09-10 21:23:35,048 - INFO - 199 : Transform memory estimate: 0 bytes, Current available memory: 21233037312 bytes
2019-09-10 21:23:35,049 - INFO - 199 : Imputer: Applying transform.
2019-09-10 21:23:35,050 - INFO - 199 : Imputer: Finished applying transform. Shape (11062, 1)
2019-09-10 21:23:35,050 - INFO - 199 : Transform memory estimate: 0 bytes, Current available memory: 21233037312 bytes
2019-09-10 21:23:35,050 - INFO - 199 : Imputer: Applying transform.
2019-09-10 21:23:35,051 - INFO - 199 : Imputer: Finished applying transform. Shape (11062, 1)
2019-09-10 21:23:35,052 - INFO - 199 : Transform memory estimate: 0 bytes, Current available memory: 21233037312 bytes
2019-09-10 21:23:35,052 - INFO - 199 : Imputer: Applying transform.
2019-09-10 21:23:35,053 - INFO - 199 : Imputer: Finished applying transform. Shape (11062, 1)
2019-09-10 21:23:35,053 - INFO - 199 : Transform memory estimate: 0 bytes, Current available memory: 21233037312 bytes
2019-09-10 21:23:35,053 - INFO - 199 : Imputer: Applying transform.
2019-09-10 21:23:35,055 - INFO - 199 : Imputer: Finished applying transform. Shape (11062, 1)
2019-09-10 21:23:35,055 - INFO - 199 : Transform memory estimate: 0 bytes, Current available memory: 21233012736 bytes
2019-09-10 21:23:35,055 - INFO - 199 : Imputer: Applying transform.
2019-09-10 21:23:35,056 - INFO - 199 : Imputer: Finished applying transform. Shape (11062, 1)
2019-09-10 21:23:35,056 - INFO - 199 : Transform memory estimate: 0 bytes, Current available memory: 21233012736 bytes
2019-09-10 21:23:35,057 - INFO - 199 : Imputer: Applying transform.
2019-09-10 21:23:35,058 - INFO - 199 : Imputer: Finished applying transform. Shape (11062, 1)
2019-09-10 21:23:35,058 - INFO - 199 : Transform memory estimate: 0 bytes, Current available memory: 21233012736 bytes
2019-09-10 21:23:35,058 - INFO - 199 : Imputer: Applying transform.
2019-09-10 21:23:35,059 - INFO - 199 : Imputer: Finished applying transform. Shape (11062, 1)
2019-09-10 21:23:35,060 - INFO - 199 : Finished applying transforms
2019-09-10 21:23:35,061 - INFO - 199 : Starting to apply transforms. Total ram: 34156810240 bytes
2019-09-10 21:23:35,061 - INFO - 199 : Transform memory estimate: 0 bytes, Current available memory: 21233012736 bytes
2019-09-10 21:23:35,061 - INFO - 199 : Imputer: Applying transform.
2019-09-10 21:23:35,062 - INFO - 199 : Imputer: Finished applying transform. Shape (2766, 1)
2019-09-10 21:23:35,062 - INFO - 199 : Transform memory estimate: 0 bytes, Current available memory: 21233012736 bytes
2019-09-10 21:23:35,063 - INFO - 199 : Imputer: Applying transform.
2019-09-10 21:23:35,064 - INFO - 199 : Imputer: Finished applying transform. Shape (2766, 1)
2019-09-10 21:23:35,064 - INFO - 199 : Transform memory estimate: 0 bytes, Current available memory: 21233012736 bytes
2019-09-10 21:23:35,064 - INFO - 199 : Imputer: Applying transform.
2019-09-10 21:23:35,065 - INFO - 199 : Imputer: Finished applying transform. Shape (2766, 1)
2019-09-10 21:23:35,065 - INFO - 199 : Transform memory estimate: 0 bytes, Current available memory: 21233012736 bytes
2019-09-10 21:23:35,065 - INFO - 199 : Imputer: Applying transform.
2019-09-10 21:23:35,067 - INFO - 199 : Imputer: Finished applying transform. Shape (2766, 1)
2019-09-10 21:23:35,067 - INFO - 199 : Transform memory estimate: 0 bytes, Current available memory: 21233012736 bytes
2019-09-10 21:23:35,067 - INFO - 199 : Imputer: Applying transform.
2019-09-10 21:23:35,068 - INFO - 199 : Imputer: Finished applying transform. Shape (2766, 1)
2019-09-10 21:23:35,068 - INFO - 199 : Transform memory estimate: 0 bytes, Current available memory: 21232947200 bytes
2019-09-10 21:23:35,068 - INFO - 199 : Imputer: Applying transform.
2019-09-10 21:23:35,070 - INFO - 199 : Imputer: Finished applying transform. Shape (2766, 1)
2019-09-10 21:23:35,070 - INFO - 199 : Transform memory estimate: 0 bytes, Current available memory: 21232947200 bytes
2019-09-10 21:23:35,070 - INFO - 199 : Imputer: Applying transform.
2019-09-10 21:23:35,071 - INFO - 199 : Imputer: Finished applying transform. Shape (2766, 1)
2019-09-10 21:23:35,071 - INFO - 199 : Transform memory estimate: 0 bytes, Current available memory: 21232947200 bytes
2019-09-10 21:23:35,072 - INFO - 199 : Imputer: Applying transform.
2019-09-10 21:23:35,073 - INFO - 199 : Imputer: Finished applying transform. Shape (2766, 1)
2019-09-10 21:23:35,073 - INFO - 199 : Transform memory estimate: 0 bytes, Current available memory: 21232947200 bytes
2019-09-10 21:23:35,073 - INFO - 199 : Imputer: Applying transform.
2019-09-10 21:23:35,074 - INFO - 199 : Imputer: Finished applying transform. Shape (2766, 1)
2019-09-10 21:23:35,075 - INFO - 199 : Finished applying transforms
2019-09-10 21:23:35,075 - INFO - 199 : _X_train_transformed: (11062, 9)
y_train: (11062,)
X_test_transformed: (2766, 9)
y_test: (2766,)
size of split is: 1106752

2019-09-10 21:23:35,079 - INFO - 199 : Adding pickle key: featurized_cv_split_2
2019-09-10 21:23:35,091 - INFO - 199 : Starting to apply transforms. Total ram: 34156810240 bytes
2019-09-10 21:23:35,091 - INFO - 199 : Transform memory estimate: 0 bytes, Current available memory: 21232943104 bytes
2019-09-10 21:23:35,091 - INFO - 199 : Imputer: Applying transform.
2019-09-10 21:23:35,092 - INFO - 199 : Imputer: Finished applying transform. Shape (11063, 1)
2019-09-10 21:23:35,093 - INFO - 199 : Transform memory estimate: 0 bytes, Current available memory: 21232943104 bytes
2019-09-10 21:23:35,093 - INFO - 199 : Imputer: Applying transform.
2019-09-10 21:23:35,094 - INFO - 199 : Imputer: Finished applying transform. Shape (11063, 1)
2019-09-10 21:23:35,094 - INFO - 199 : Transform memory estimate: 0 bytes, Current available memory: 21232943104 bytes
2019-09-10 21:23:35,095 - INFO - 199 : Imputer: Applying transform.
2019-09-10 21:23:35,096 - INFO - 199 : Imputer: Finished applying transform. Shape (11063, 1)
2019-09-10 21:23:35,096 - INFO - 199 : Transform memory estimate: 0 bytes, Current available memory: 21232943104 bytes
2019-09-10 21:23:35,096 - INFO - 199 : Imputer: Applying transform.
2019-09-10 21:23:35,098 - INFO - 199 : Imputer: Finished applying transform. Shape (11063, 1)
2019-09-10 21:23:35,098 - INFO - 199 : Transform memory estimate: 0 bytes, Current available memory: 21232943104 bytes
2019-09-10 21:23:35,098 - INFO - 199 : Imputer: Applying transform.
2019-09-10 21:23:35,100 - INFO - 199 : Imputer: Finished applying transform. Shape (11063, 1)
2019-09-10 21:23:35,100 - INFO - 199 : Transform memory estimate: 0 bytes, Current available memory: 21232943104 bytes
2019-09-10 21:23:35,100 - INFO - 199 : Imputer: Applying transform.
2019-09-10 21:23:35,101 - INFO - 199 : Imputer: Finished applying transform. Shape (11063, 1)
2019-09-10 21:23:35,101 - INFO - 199 : Transform memory estimate: 0 bytes, Current available memory: 21232877568 bytes
2019-09-10 21:23:35,102 - INFO - 199 : Imputer: Applying transform.
2019-09-10 21:23:35,103 - INFO - 199 : Imputer: Finished applying transform. Shape (11063, 1)
2019-09-10 21:23:35,103 - INFO - 199 : Transform memory estimate: 0 bytes, Current available memory: 21232877568 bytes
2019-09-10 21:23:35,103 - INFO - 199 : Imputer: Applying transform.
2019-09-10 21:23:35,105 - INFO - 199 : Imputer: Finished applying transform. Shape (11063, 1)
2019-09-10 21:23:35,105 - INFO - 199 : Transform memory estimate: 0 bytes, Current available memory: 21232877568 bytes
2019-09-10 21:23:35,105 - INFO - 199 : Imputer: Applying transform.
2019-09-10 21:23:35,106 - INFO - 199 : Imputer: Finished applying transform. Shape (11063, 1)
2019-09-10 21:23:35,106 - INFO - 199 : Finished applying transforms
2019-09-10 21:23:35,107 - INFO - 199 : Starting to apply transforms. Total ram: 34156810240 bytes
2019-09-10 21:23:35,108 - INFO - 199 : Transform memory estimate: 0 bytes, Current available memory: 21232877568 bytes
2019-09-10 21:23:35,108 - INFO - 199 : Imputer: Applying transform.
2019-09-10 21:23:35,109 - INFO - 199 : Imputer: Finished applying transform. Shape (2765, 1)
2019-09-10 21:23:35,109 - INFO - 199 : Transform memory estimate: 0 bytes, Current available memory: 21232877568 bytes
2019-09-10 21:23:35,109 - INFO - 199 : Imputer: Applying transform.
2019-09-10 21:23:35,110 - INFO - 199 : Imputer: Finished applying transform. Shape (2765, 1)
2019-09-10 21:23:35,111 - INFO - 199 : Transform memory estimate: 0 bytes, Current available memory: 21232877568 bytes
2019-09-10 21:23:35,111 - INFO - 199 : Imputer: Applying transform.
2019-09-10 21:23:35,112 - INFO - 199 : Imputer: Finished applying transform. Shape (2765, 1)
2019-09-10 21:23:35,112 - INFO - 199 : Transform memory estimate: 0 bytes, Current available memory: 21232877568 bytes
2019-09-10 21:23:35,112 - INFO - 199 : Imputer: Applying transform.
2019-09-10 21:23:35,113 - INFO - 199 : Imputer: Finished applying transform. Shape (2765, 1)
2019-09-10 21:23:35,114 - INFO - 199 : Transform memory estimate: 0 bytes, Current available memory: 21232877568 bytes
2019-09-10 21:23:35,114 - INFO - 199 : Imputer: Applying transform.
2019-09-10 21:23:35,115 - INFO - 199 : Imputer: Finished applying transform. Shape (2765, 1)
2019-09-10 21:23:35,115 - INFO - 199 : Transform memory estimate: 0 bytes, Current available memory: 21232877568 bytes
2019-09-10 21:23:35,115 - INFO - 199 : Imputer: Applying transform.
2019-09-10 21:23:35,116 - INFO - 199 : Imputer: Finished applying transform. Shape (2765, 1)
2019-09-10 21:23:35,117 - INFO - 199 : Transform memory estimate: 0 bytes, Current available memory: 21232877568 bytes
2019-09-10 21:23:35,117 - INFO - 199 : Imputer: Applying transform.
2019-09-10 21:23:35,118 - INFO - 199 : Imputer: Finished applying transform. Shape (2765, 1)
2019-09-10 21:23:35,118 - INFO - 199 : Transform memory estimate: 0 bytes, Current available memory: 21232877568 bytes
2019-09-10 21:23:35,118 - INFO - 199 : Imputer: Applying transform.
2019-09-10 21:23:35,119 - INFO - 199 : Imputer: Finished applying transform. Shape (2765, 1)
2019-09-10 21:23:35,120 - INFO - 199 : Transform memory estimate: 0 bytes, Current available memory: 21232812032 bytes
2019-09-10 21:23:35,120 - INFO - 199 : Imputer: Applying transform.
2019-09-10 21:23:35,121 - INFO - 199 : Imputer: Finished applying transform. Shape (2765, 1)
2019-09-10 21:23:35,121 - INFO - 199 : Finished applying transforms
2019-09-10 21:23:35,122 - INFO - 199 : _X_train_transformed: (11063, 9)
y_train: (11063,)
X_test_transformed: (2765, 9)
y_test: (2765,)
size of split is: 1106752

2019-09-10 21:23:35,126 - INFO - 199 : Adding pickle key: featurized_cv_split_3
2019-09-10 21:23:35,138 - INFO - 199 : Starting to apply transforms. Total ram: 34156810240 bytes
2019-09-10 21:23:35,138 - INFO - 199 : Transform memory estimate: 0 bytes, Current available memory: 21232812032 bytes
2019-09-10 21:23:35,138 - INFO - 199 : Imputer: Applying transform.
2019-09-10 21:23:35,140 - INFO - 199 : Imputer: Finished applying transform. Shape (11063, 1)
2019-09-10 21:23:35,140 - INFO - 199 : Transform memory estimate: 0 bytes, Current available memory: 21232812032 bytes
2019-09-10 21:23:35,140 - INFO - 199 : Imputer: Applying transform.
2019-09-10 21:23:35,141 - INFO - 199 : Imputer: Finished applying transform. Shape (11063, 1)
2019-09-10 21:23:35,142 - INFO - 199 : Transform memory estimate: 0 bytes, Current available memory: 21232812032 bytes
2019-09-10 21:23:35,142 - INFO - 199 : Imputer: Applying transform.
2019-09-10 21:23:35,143 - INFO - 199 : Imputer: Finished applying transform. Shape (11063, 1)
2019-09-10 21:23:35,143 - INFO - 199 : Transform memory estimate: 0 bytes, Current available memory: 21232812032 bytes
2019-09-10 21:23:35,143 - INFO - 199 : Imputer: Applying transform.
2019-09-10 21:23:35,145 - INFO - 199 : Imputer: Finished applying transform. Shape (11063, 1)
2019-09-10 21:23:35,145 - INFO - 199 : Transform memory estimate: 0 bytes, Current available memory: 21232812032 bytes
2019-09-10 21:23:35,145 - INFO - 199 : Imputer: Applying transform.
2019-09-10 21:23:35,146 - INFO - 199 : Imputer: Finished applying transform. Shape (11063, 1)
2019-09-10 21:23:35,146 - INFO - 199 : Transform memory estimate: 0 bytes, Current available memory: 21232812032 bytes
2019-09-10 21:23:35,147 - INFO - 199 : Imputer: Applying transform.
2019-09-10 21:23:35,148 - INFO - 199 : Imputer: Finished applying transform. Shape (11063, 1)
2019-09-10 21:23:35,148 - INFO - 199 : Transform memory estimate: 0 bytes, Current available memory: 21232812032 bytes
2019-09-10 21:23:35,148 - INFO - 199 : Imputer: Applying transform.
2019-09-10 21:23:35,149 - INFO - 199 : Imputer: Finished applying transform. Shape (11063, 1)
2019-09-10 21:23:35,150 - INFO - 199 : Transform memory estimate: 0 bytes, Current available memory: 21232812032 bytes
2019-09-10 21:23:35,150 - INFO - 199 : Imputer: Applying transform.
2019-09-10 21:23:35,151 - INFO - 199 : Imputer: Finished applying transform. Shape (11063, 1)
2019-09-10 21:23:35,151 - INFO - 199 : Transform memory estimate: 0 bytes, Current available memory: 21232816128 bytes
2019-09-10 21:23:35,152 - INFO - 199 : Imputer: Applying transform.
2019-09-10 21:23:35,153 - INFO - 199 : Imputer: Finished applying transform. Shape (11063, 1)
2019-09-10 21:23:35,153 - INFO - 199 : Finished applying transforms
2019-09-10 21:23:35,154 - INFO - 199 : Starting to apply transforms. Total ram: 34156810240 bytes
2019-09-10 21:23:35,154 - INFO - 199 : Transform memory estimate: 0 bytes, Current available memory: 21232816128 bytes
2019-09-10 21:23:35,154 - INFO - 199 : Imputer: Applying transform.
2019-09-10 21:23:35,156 - INFO - 199 : Imputer: Finished applying transform. Shape (2765, 1)
2019-09-10 21:23:35,156 - INFO - 199 : Transform memory estimate: 0 bytes, Current available memory: 21232816128 bytes
2019-09-10 21:23:35,156 - INFO - 199 : Imputer: Applying transform.
2019-09-10 21:23:35,158 - INFO - 199 : Imputer: Finished applying transform. Shape (2765, 1)
2019-09-10 21:23:35,158 - INFO - 199 : Transform memory estimate: 0 bytes, Current available memory: 21232812032 bytes
2019-09-10 21:23:35,158 - INFO - 199 : Imputer: Applying transform.
2019-09-10 21:23:35,159 - INFO - 199 : Imputer: Finished applying transform. Shape (2765, 1)
2019-09-10 21:23:35,159 - INFO - 199 : Transform memory estimate: 0 bytes, Current available memory: 21232812032 bytes
2019-09-10 21:23:35,160 - INFO - 199 : Imputer: Applying transform.
2019-09-10 21:23:35,161 - INFO - 199 : Imputer: Finished applying transform. Shape (2765, 1)
2019-09-10 21:23:35,161 - INFO - 199 : Transform memory estimate: 0 bytes, Current available memory: 21232812032 bytes
2019-09-10 21:23:35,161 - INFO - 199 : Imputer: Applying transform.
2019-09-10 21:23:35,162 - INFO - 199 : Imputer: Finished applying transform. Shape (2765, 1)
2019-09-10 21:23:35,162 - INFO - 199 : Transform memory estimate: 0 bytes, Current available memory: 21232812032 bytes
2019-09-10 21:23:35,163 - INFO - 199 : Imputer: Applying transform.
2019-09-10 21:23:35,164 - INFO - 199 : Imputer: Finished applying transform. Shape (2765, 1)
2019-09-10 21:23:35,164 - INFO - 199 : Transform memory estimate: 0 bytes, Current available memory: 21232812032 bytes
2019-09-10 21:23:35,164 - INFO - 199 : Imputer: Applying transform.
2019-09-10 21:23:35,165 - INFO - 199 : Imputer: Finished applying transform. Shape (2765, 1)
2019-09-10 21:23:35,165 - INFO - 199 : Transform memory estimate: 0 bytes, Current available memory: 21232812032 bytes
2019-09-10 21:23:35,166 - INFO - 199 : Imputer: Applying transform.
2019-09-10 21:23:35,167 - INFO - 199 : Imputer: Finished applying transform. Shape (2765, 1)
2019-09-10 21:23:35,167 - INFO - 199 : Transform memory estimate: 0 bytes, Current available memory: 21232746496 bytes
2019-09-10 21:23:35,167 - INFO - 199 : Imputer: Applying transform.
2019-09-10 21:23:35,168 - INFO - 199 : Imputer: Finished applying transform. Shape (2765, 1)
2019-09-10 21:23:35,169 - INFO - 199 : Finished applying transforms
2019-09-10 21:23:35,169 - INFO - 199 : _X_train_transformed: (11063, 9)
y_train: (11063,)
X_test_transformed: (2765, 9)
y_test: (2765,)
size of split is: 1106752

2019-09-10 21:23:35,173 - INFO - 199 : Adding pickle key: featurized_cv_split_4
2019-09-10 21:23:35,173 - INFO - 199 : Completed creating cross-validation folds and featurizing them
2019-09-10 21:23:35,206 - INFO - 199 : The size of transformed data is: 1107954
2019-09-10 21:23:35,206 - INFO - 199 : ActivityCompleted: Activity=PreProcess, HowEnded=Success, Duration=9937.55 [ms]
2019-09-10 21:23:36,639 - INFO - 199 : [ParentRunId:AutoML_b6ad9b99-21ed-4cf0-9945-3d296ca2c7eb]X datatype is <class 'numpy.ndarray'>, shape is (13828, 9), datasize is 995728.
2019-09-10 21:23:36,639 - INFO - 199 : [ParentRunId:AutoML_b6ad9b99-21ed-4cf0-9945-3d296ca2c7eb]y datatype is <class 'numpy.ndarray'>, shape is (13828,), datasize is 110720.
2019-09-10 21:23:38,747 - INFO - 199 : memory usage 318636032
2019-09-10 21:23:38,747 - INFO - 199 : child memory usage 318636032
2019-09-10 21:23:38,747 - INFO - 199 : cpu time 6.65625
2019-09-10 21:23:38,748 - INFO - 199 : child cpu time 0.0
2019-09-10 21:23:39,980 - INFO - 199 : Initialized ClientDatasets object from transformed_data_context.. deleting transformed_data_context.
2019-09-10 21:23:46,620 - INFO - 199 : Start local loop.
2019-09-10 21:23:46,620 - INFO - 199 : Start iteration: 0
2019-09-10 21:23:46,621 - INFO - 199 : ActivityStarted, FitIteration
2019-09-10 21:23:46,621 - INFO - 199 : ActivityStarted, GetPipeline
2019-09-10 21:23:46,622 - INFO - 199 : Querying Jasmine for next task.
2019-09-10 21:23:48,161 - INFO - 199 : ActivityCompleted: Activity=GetPipeline, HowEnded=Success, Duration=1539.88 [ms]
2019-09-10 21:23:48,162 - INFO - 199 : Received pipeline ID 97979b3edafb81e81476b4a3c3ac02da4c90eed5
2019-09-10 21:23:48,748 - INFO - 199 : memory usage 317648896
2019-09-10 21:23:48,748 - INFO - 199 : child memory usage 317648896
2019-09-10 21:23:48,749 - INFO - 199 : cpu time 7.28125
2019-09-10 21:23:48,749 - INFO - 199 : child cpu time 0.0
2019-09-10 21:23:51,593 - INFO - 199 : [RunId:AutoML_b6ad9b99-21ed-4cf0-9945-3d296ca2c7eb_0]CPU logical cores: 8, CPU cores: 4, virtual memory: 34156810240, swap memory: 39257083904.
2019-09-10 21:23:51,594 - INFO - 199 : [RunId:AutoML_b6ad9b99-21ed-4cf0-9945-3d296ca2c7eb_0]Platform information: Windows-10-10.0.17134-SP0.
2019-09-10 21:23:51,594 - INFO - 199 : All versions str:
{"widgetsnbextension": "3.5.1", "wheel": "0.30.0", "websocket-client": "0.56.0", "webencodings": "0.5.1", "wcwidth": "0.1.7", "urllib3": "1.25.3", "typing": "3.7.4.1", "typing-extensions": "3.7.4", "traitlets": "4.3.2", "tqdm": "4.35.0", "tornado": "6.0.3", "textwrap3": "0.9.2", "testpath": "0.4.2", "terminado": "0.8.2", "tenacity": "5.1.1", "statsmodels": "0.10.1", "smart-open": "1.8.4", "sklearn-pandas": "1.7.0", "skl2onnx": "1.4.9", "six": "1.12.0", "setuptools": "41.2.0", "send2trash": "1.5.0", "secretstorage": "3.1.1", "scipy": "1.1.0", "scikit-learn": "0.20.3", "s3transfer": "0.2.1", "ruamel.yaml": "0.15.89", "resource": "0.2.1", "requests": "2.22.0", "requests-oauthlib": "1.2.0", "pyzmq": "18.1.0", "pyyaml": "5.1.2", "pywinpty": "0.5.5", "pywin32": "224", "pytz": "2019.2", "python-easyconfig": "0.1.7", "python-dateutil": "2.8.0", "pyrsistent": "0.15.4", "pypiwin32": "223", "pyopenssl": "19.0.0", "pyjwt": "1.7.1", "pygments": "2.4.2", "pycparser": "2.19", "pyasn1": "0.4.7", "protobuf": "3.9.1", "prompt-toolkit": "2.0.9", "prometheus-client": "0.7.1", "pmdarima": "1.1.1", "pickleshare": "0.7.5", "patsy": "0.5.1", "pathspec": "0.5.9", "parso": "0.5.1", "papermill": "1.1.0", "pandocfilters": "1.4.2", "pandas": "0.23.4", "onnxmltools": "1.4.1", "onnxconverter-common": "1.5.3", "onnx": "1.5.0", "oauthlib": "3.1.0", "numpy": "1.16.2", "notebook": "6.0.1", "nimbusml": "1.4.0", "ndg-httpsclient": "0.5.1", "nbformat": "4.4.0", "nbconvert": "5.6.0", "msrestazure": "0.6.1", "msrest": "0.6.10", "mistune": "0.8.4", "markupsafe": "1.1.1", "lightgbm": "2.2.3", "keras2onnx": "1.5.1", "jupyter-core": "4.5.0", "jupyter-client": "5.3.1", "jsonsir": "0.0.2", "jsonschema": "3.0.2", "jsonpickle": "1.2", "jsonform": "0.0.2", "jmespath": "0.9.4", "jinja2": "2.10.1", "jeepney": "0.4.1", "jedi": "0.15.1", "isodate": "0.6.0", "ipywidgets": "7.5.1", "ipython": "7.8.0", "ipython-genutils": "0.2.0", "ipykernel": "5.1.2", "idna": "2.8", "gensim": "3.8.0", "future": "0.17.1", "fusepy": "3.0.1", "entrypoints": "0.3", "dotnetcore2": "2.1.8.1", "docutils": "0.15.2", "docker": "4.0.2", "distro": "1.4.0", "dill": "0.3.0", "defusedxml": "0.6.0", "decorator": "4.4.0", "cython": "0.29.13", "cryptography": "2.7", "contextlib2": "0.5.5", "colorama": "0.4.1", "cloudpickle": "1.2.1", "click": "7.0", "chardet": "3.0.4", "cffi": "1.12.3", "certifi": "2019.6.16", "botocore": "1.12.224", "boto3": "1.9.224", "boto": "2.49.0", "bleach": "3.1.0", "backports.weakref": "1.0.post1", "backports.tempfile": "1.0", "backcall": "0.1.0", "azureml-widgets": "1.0.60", "azureml-train": "1.0.60", "azureml-train-restclients-hyperdrive": "1.0.60", "azureml-train-core": "1.0.60", "azureml-train-automl": "1.0.60.2", "azureml-telemetry": "1.0.60", "azureml-sdk": "1.0.60", "azureml-pipeline": "1.0.60", "azureml-pipeline-steps": "1.0.60", "azureml-pipeline-core": "1.0.60", "azureml-dataprep": "1.1.14", "azureml-dataprep-native": "13.0.3", "azureml-core": "1.0.60", "azureml-contrib-notebook": "1.0.60", "azureml-automl-core": "1.0.60", "azure-mgmt-storage": "4.0.0", "azure-mgmt-resource": "4.0.0", "azure-mgmt-keyvault": "2.0.0", "azure-mgmt-containerregistry": "2.8.0", "azure-mgmt-authorization": "0.60.0", "azure-graphrbac": "0.61.1", "azure-common": "1.1.23", "attrs": "19.1.0", "asn1crypto": "0.24.0", "applicationinsights": "0.11.9", "ansiwrap": "0.8.4", "adal": "1.2.2", "zipp": "0.3.3", "zict": "0.1.4", "xlwt": "1.3.0", "xlwings": "0.15.4", "xlsxwriter": "1.1.5", "xlrd": "1.2.0", "xgboost": "0.90", "wrapt": "1.11.1", "wincertstore": "0.2", "win-unicode-console": "0.5", "win-inet-pton": "1.1.0", "werkzeug": "0.14.1", "webcolors": "1.9.1", "unicodecsv": "0.14.1", "toolz": "0.9.0", "termcolor": "1.1.0", "tensorflow": "1.14.0", "tensorflow-estimator": "1.14.0", "tensorboard": "1.14.0", "tblib": "1.3.2", "tables": "3.5.1", "sympy": "1.3", "sqlparse": "0.3.0", "sqlalchemy": "1.3.1", "spyder": "3.3.3", "spyder-kernels": "0.4.2", "sphinxcontrib-websupport": "1.1.0", "sphinx": "1.8.5", "speechrecognition": "3.8.1", "soupsieve": "1.8", "sortedcontainers": "2.1.0", "sortedcollections": "1.1.2", "snowballstemmer": "1.2.1", "sklearn": "0.0", "singledispatch": "3.4.0.3", "simplegeneric": "0.8.1", "seaborn": "0.9.0", "scikit-image": "0.14.2", "ruamel-yaml": "0.15.46", "rope": "0.12.0", "retrying": "1.3.3", "rake-nltk": "1.0.4", "qtpy": "1.7.0", "qtconsole": "4.4.3", "qtawesome": "0.5.7", "pywavelets": "1.0.2", "pytest": "4.3.1", "pytest-remotedata": "0.3.1", "pytest-openfiles": "0.3.2", "pytest-doctestplus": "0.3.0", "pytest-astropy": "0.5.0", "pytest-arraydiff": "0.3", "pyspark": "2.4.4", "pysocks": "1.6.8", "pyreadline": "2.1", "pyparsing": "2.3.1", "pyodbc": "4.0.26", "pylint": "2.3.1", "pyforest": "0.1.1", "pyflakes": "2.1.1", "pycurl": "7.43.0.2", "pycrypto": "2.6.1", "pycosat": "0.6.3", "pycodestyle": "2.5.0", "pyarrow": "0.13.0", "py4j": "0.10.7", "py": "1.8.0", "psutil": "5.6.1", "progressbar": "2.5", "proglog": "0.1.9", "ply": "3.11", "pluggy": "0.9.0", "plotly": "3.10.0", "pkginfo": "1.5.0.1", "pip": "19.0.3", "pillow": "5.4.1", "pep8": "1.7.1", "pbr": "5.2.0", "pathlib2": "2.3.3", "path.py": "11.5.0", "partd": "0.3.10", "packaging": "19.0", "osqp": "0.6.1", "openpyxl": "2.6.1", "opencv-python": "4.1.0.25", "olefile": "0.46", "numpydoc": "0.8.0", "numexpr": "2.6.9", "numba": "0.43.1", "nose": "1.3.7", "nltk": "3.4", "networkx": "2.2", "navigator-updater": "0.2.1", "multipledispatch": "0.6.0", "multimethods": "1.0.0", "msgpack": "0.6.1", "mpmath": "1.1.0", "moviepy": "1.0.0", "more-itertools": "6.0.0", "mock": "2.0.0", "mkl-random": "1.0.2", "mkl-fft": "1.0.10", "missingpy": "0.2.0", "menuinst": "1.4.16", "mccabe": "0.6.1", "matplotlib": "3.0.3", "markdown": "3.1", "lxml": "4.3.2", "locket": "0.2.0", "llvmlite": "0.28.0", "libarchive-c": "2.8", "lazy-object-proxy": "1.3.1", "knnimpute": "0.1.0", "kiwisolver": "1.0.1", "keyring": "18.0.0", "keras": "2.2.4", "keras-preprocessing": "1.0.9", "keras-applications": "1.0.7", "jupyterlab": "0.35.4", "jupyterlab-server": "0.2.0", "jupyter": "1.0.0", "jupyter-console": "6.0.0", "jdcal": "1.4", "itsdangerous": "1.1.0", "isort": "4.3.16", "importlib-metadata": "0.0.0", "import-ipynb": "0.1.3", "imagesize": "1.1.0", "imageio": "2.5.0", "imageio-ffmpeg": "0.3.0", "imageai": "2.0.3", "html5lib": "1.0.1", "heapdict": "1.0.0", "h5py": "2.9.0", "grpcio": "1.20.1", "greenlet": "0.4.15", "google-pasta": "0.1.7", "glob2": "0.6", "gevent": "1.4.0", "gast": "0.2.2", "flask": "1.0.2", "flask-compress": "1.4.0", "filelock": "3.0.10", "fastcache": "1.0.2", "et-xmlfile": "1.0.1", "django": "2.2", "distributed": "1.26.0", "dask": "1.1.4", "dash": "0.43.0", "dash-table": "3.7.0", "dash-renderer": "0.24.0", "dash-html-components": "0.16.0", "dash-core-components": "0.48.0", "cytoolz": "0.9.0.1", "cycler": "0.10.0", "conda": "4.6.11", "conda-verify": "3.1.1", "conda-build": "3.17.8", "comtypes": "1.1.7", "clyent": "1.2.2", "bottleneck": "1.2.1", "bokeh": "1.0.4", "bkcharts": "0.2", "bitarray": "0.8.3", "beautifulsoup4": "4.7.1", "backports.shutil-get-terminal-size": "1.0.0", "backports.os": "0.1.1", "babel": "2.6.0", "azureml-opendatasets": "1.0.60", "azure-storage-common": "2.1.0", "azure-storage-blob": "2.1.0", "azure-cognitiveservices-vision-customvision": "1.0.0", "atomicwrites": "1.3.0", "astropy": "3.1.2", "astroid": "2.2.5", "astor": "0.7.1", "anaconda-project": "0.8.2", "anaconda-navigator": "1.9.7", "anaconda-client": "1.7.2", "alabaster": "0.7.12", "absl-py": "0.7.1"}
2019-09-10 21:23:51,595 - INFO - 199 : [RunId:AutoML_b6ad9b99-21ed-4cf0-9945-3d296ca2c7eb_0][Starting fit_pipeline]memory usage 317648896
2019-09-10 21:23:51,595 - INFO - 199 : [RunId:AutoML_b6ad9b99-21ed-4cf0-9945-3d296ca2c7eb_0][Starting fit_pipeline]child memory usage 317648896
2019-09-10 21:23:51,595 - INFO - 199 : [RunId:AutoML_b6ad9b99-21ed-4cf0-9945-3d296ca2c7eb_0][Starting fit_pipeline]cpu time 7.421875
2019-09-10 21:23:51,595 - INFO - 199 : [RunId:AutoML_b6ad9b99-21ed-4cf0-9945-3d296ca2c7eb_0][Starting fit_pipeline]child cpu time 0.0
2019-09-10 21:23:51,596 - INFO - 199 : [RunId:AutoML_b6ad9b99-21ed-4cf0-9945-3d296ca2c7eb_0]CPU logical cores: 8, CPU cores: 4, virtual memory: 34156810240, swap memory: 39257083904.
2019-09-10 21:23:51,596 - INFO - 199 : [RunId:AutoML_b6ad9b99-21ed-4cf0-9945-3d296ca2c7eb_0]Platform information: Windows-10-10.0.17134-SP0.
2019-09-10 21:23:51,596 - INFO - 199 : Using child run AutoML_b6ad9b99-21ed-4cf0-9945-3d296ca2c7eb_0
2019-09-10 21:23:51,596 - INFO - 199 : [RunId:AutoML_b6ad9b99-21ed-4cf0-9945-3d296ca2c7eb_0][Before preprocess]memory usage 317648896
2019-09-10 21:23:51,597 - INFO - 199 : [RunId:AutoML_b6ad9b99-21ed-4cf0-9945-3d296ca2c7eb_0][Before preprocess]child memory usage 317648896
2019-09-10 21:23:51,597 - INFO - 199 : [RunId:AutoML_b6ad9b99-21ed-4cf0-9945-3d296ca2c7eb_0][Before preprocess]cpu time 7.4375
2019-09-10 21:23:51,597 - INFO - 199 : [RunId:AutoML_b6ad9b99-21ed-4cf0-9945-3d296ca2c7eb_0][Before preprocess]child cpu time 0.0
2019-09-10 21:23:51,597 - INFO - 199 : [RunId:AutoML_b6ad9b99-21ed-4cf0-9945-3d296ca2c7eb_0][Before executing pipeline]memory usage 317648896
2019-09-10 21:23:51,597 - INFO - 199 : [RunId:AutoML_b6ad9b99-21ed-4cf0-9945-3d296ca2c7eb_0][Before executing pipeline]child memory usage 317648896
2019-09-10 21:23:51,598 - INFO - 199 : [RunId:AutoML_b6ad9b99-21ed-4cf0-9945-3d296ca2c7eb_0][Before executing pipeline]cpu time 7.4375
2019-09-10 21:23:51,598 - INFO - 199 : [RunId:AutoML_b6ad9b99-21ed-4cf0-9945-3d296ca2c7eb_0][Before executing pipeline]child cpu time 0.0
2019-09-10 21:23:51,599 - INFO - 199 : Start executing pipeline {"objects": [{"class_name": "StandardScaler", "module": "sklearn.preprocessing", "param_args": [], "param_kwargs": {"with_mean": false, "with_std": false}, "prepared_kwargs": {}, "spec_class": "preproc"}, {"class_name": "RandomForestRegressor", "module": "sklearn.ensemble", "param_args": [], "param_kwargs": {"bootstrap": false, "criterion": "mse", "max_features": "sqrt", "min_samples_leaf": 0.05040306135985514, "min_samples_split": 0.002602463309528381, "n_estimators": 25}, "prepared_kwargs": {}, "spec_class": "sklearn"}], "pipeline_id": "97979b3edafb81e81476b4a3c3ac02da4c90eed5"}.
2019-09-10 21:23:51,599 - INFO - 199 : Running with the following AutoML settings:
 - name: House
 - subscription_id: 516418a1-d9c1-42cd-a33a-27afc3113f96
 - region: westus
 - spark_context: None
 - spark_service: None
 - iterations: 2
 - primary_metric: spearman_correlation
 - task_type: regression
 - validation_size: 0.0
 - n_cross_validations: 5
 - y_min: 14999.0
 - y_max: 500001.0
 - num_classes: None
 - preprocess: True
 - lag_length: 0
 - is_timeseries: False
 - max_cores_per_iteration: 1
 - max_concurrent_iterations: 1
 - iteration_timeout_minutes: 2
 - mem_in_mb: None
 - enforce_time_on_windows: True
 - experiment_timeout_minutes: None
 - experiment_exit_score: None
 - whitelist_models: None
 - blacklist_algos: ['KNN', 'KNN', 'SVM']
 - auto_blacklist: True
 - blacklist_samples_reached: True
 - exclude_nan_labels: True
 - verbosity: 20
 - show_warnings: False
 - model_explainability: False
 - service_url: None
 - sdk_url: None
 - sdk_packages: None
 - enable_onnx_compatible_models: False
 - enable_feature_sweeping: True
 - telemetry_verbosity: INFO
 - send_telemetry: True
 - enable_early_stopping: False
 - early_stopping_n_iters: 10
 - metrics: None
 - enable_ensembling: False
 - enable_stack_ensembling: False
 - ensemble_iterations: None
 - enable_tf: False
 - enable_cache: True
 - enable_subsampling: False
 - subsample_seed: None
 - enable_nimbusml: False
 - use_incremental_learning: False
 - cost_mode: 0
 - metric_operation: maximize
2019-09-10 21:23:51,599 - INFO - 199 : Component PrepareData finished after 8.326666666666665e-05 minutes.
2019-09-10 21:23:51,599 - INFO - 199 : ActivityStarted: RunPipeline
2019-09-10 21:23:58,779 - INFO - 199 : memory usage 317665280
2019-09-10 21:23:58,779 - INFO - 199 : child memory usage 464523264
2019-09-10 21:23:58,779 - INFO - 199 : cpu time 7.875
2019-09-10 21:23:58,779 - INFO - 199 : child cpu time 1.9375
2019-09-10 21:24:05,625 - INFO - 324 : ActivityStarted: Run
2019-09-10 21:24:05,672 - INFO - 324 : ActivityStarted: RunCV
2019-09-10 21:24:05,676 - INFO - 324 : ActivityStarted: TimeFit
2019-09-10 21:24:05,937 - INFO - 339 : ActivityCompleted: Activity=TimeFit, HowEnded=Success, Duration=261.3[ms]
2019-09-10 21:24:05,937 - INFO - 324 : ActivityStarted: ComputeMetrics
2019-09-10 21:24:05,937 - INFO - 324 : ActivityStarted: Predict
2019-09-10 21:24:05,942 - INFO - 339 : ActivityCompleted: Activity=Predict, HowEnded=Success, Duration=4.99[ms]
2019-09-10 21:24:05,942 - INFO - 199 : Regression metrics debug: {'y_test': (2766,), 'y_pred': (2766,), 'sample_weight': None}
2019-09-10 21:24:05,951 - INFO - 339 : ActivityCompleted: Activity=ComputeMetrics, HowEnded=Success, Duration=13.96[ms]
2019-09-10 21:24:05,954 - INFO - 324 : ActivityStarted: TimeFit
2019-09-10 21:24:06,203 - INFO - 339 : ActivityCompleted: Activity=TimeFit, HowEnded=Success, Duration=248.34[ms]
2019-09-10 21:24:06,204 - INFO - 324 : ActivityStarted: ComputeMetrics
2019-09-10 21:24:06,204 - INFO - 324 : ActivityStarted: Predict
2019-09-10 21:24:06,208 - INFO - 339 : ActivityCompleted: Activity=Predict, HowEnded=Success, Duration=3.99[ms]
2019-09-10 21:24:06,208 - INFO - 199 : Regression metrics debug: {'y_test': (2766,), 'y_pred': (2766,), 'sample_weight': None}
2019-09-10 21:24:06,215 - INFO - 339 : ActivityCompleted: Activity=ComputeMetrics, HowEnded=Success, Duration=10.97[ms]
2019-09-10 21:24:06,218 - INFO - 324 : ActivityStarted: TimeFit
2019-09-10 21:24:06,509 - INFO - 339 : ActivityCompleted: Activity=TimeFit, HowEnded=Success, Duration=291.22[ms]
2019-09-10 21:24:06,509 - INFO - 324 : ActivityStarted: ComputeMetrics
2019-09-10 21:24:06,510 - INFO - 324 : ActivityStarted: Predict
2019-09-10 21:24:06,514 - INFO - 339 : ActivityCompleted: Activity=Predict, HowEnded=Success, Duration=3.99[ms]
2019-09-10 21:24:06,514 - INFO - 199 : Regression metrics debug: {'y_test': (2766,), 'y_pred': (2766,), 'sample_weight': None}
2019-09-10 21:24:06,521 - INFO - 339 : ActivityCompleted: Activity=ComputeMetrics, HowEnded=Success, Duration=11.97[ms]
2019-09-10 21:24:06,525 - INFO - 324 : ActivityStarted: TimeFit
2019-09-10 21:24:06,782 - INFO - 339 : ActivityCompleted: Activity=TimeFit, HowEnded=Success, Duration=257.31[ms]
2019-09-10 21:24:06,782 - INFO - 324 : ActivityStarted: ComputeMetrics
2019-09-10 21:24:06,783 - INFO - 324 : ActivityStarted: Predict
2019-09-10 21:24:06,787 - INFO - 339 : ActivityCompleted: Activity=Predict, HowEnded=Success, Duration=3.99[ms]
2019-09-10 21:24:06,787 - INFO - 199 : Regression metrics debug: {'y_test': (2765,), 'y_pred': (2765,), 'sample_weight': None}
2019-09-10 21:24:06,794 - INFO - 339 : ActivityCompleted: Activity=ComputeMetrics, HowEnded=Success, Duration=11.97[ms]
2019-09-10 21:24:06,797 - INFO - 324 : ActivityStarted: TimeFit
2019-09-10 21:24:07,047 - INFO - 339 : ActivityCompleted: Activity=TimeFit, HowEnded=Success, Duration=249.33[ms]
2019-09-10 21:24:07,047 - INFO - 324 : ActivityStarted: ComputeMetrics
2019-09-10 21:24:07,047 - INFO - 324 : ActivityStarted: Predict
2019-09-10 21:24:07,051 - INFO - 339 : ActivityCompleted: Activity=Predict, HowEnded=Success, Duration=3.99[ms]
2019-09-10 21:24:07,052 - INFO - 199 : Regression metrics debug: {'y_test': (2765,), 'y_pred': (2765,), 'sample_weight': None}
2019-09-10 21:24:07,059 - INFO - 339 : ActivityCompleted: Activity=ComputeMetrics, HowEnded=Success, Duration=11.97[ms]
2019-09-10 21:24:07,059 - INFO - 339 : ActivityCompleted: Activity=RunCV, HowEnded=Success, Duration=1387.29[ms]
2019-09-10 21:24:07,059 - INFO - 324 : ActivityStarted: RunCVMean
2019-09-10 21:24:07,062 - INFO - 339 : ActivityCompleted: Activity=RunCVMean, HowEnded=Success, Duration=2.99[ms]
2019-09-10 21:24:07,113 - INFO - 339 : ActivityCompleted: Activity=Run, HowEnded=Success, Duration=1488.02[ms]
2019-09-10 21:24:07,133 - INFO - 324 : ActivityStarted: Run
2019-09-10 21:24:07,178 - INFO - 324 : ActivityStarted: TrainFull
2019-09-10 21:24:07,179 - INFO - 324 : ActivityStarted: TimeFit
2019-09-10 21:24:07,600 - INFO - 339 : ActivityCompleted: Activity=TimeFit, HowEnded=Success, Duration=420.87[ms]
2019-09-10 21:24:07,600 - INFO - 324 : ActivityStarted: ComputeMetrics
2019-09-10 21:24:07,600 - INFO - 324 : ActivityStarted: Predict
2019-09-10 21:24:07,618 - INFO - 339 : ActivityCompleted: Activity=Predict, HowEnded=Success, Duration=16.96[ms]
2019-09-10 21:24:07,618 - INFO - 199 : Regression metrics debug: {'y_test': (13828,), 'y_pred': (13828,), 'sample_weight': None}
2019-09-10 21:24:07,635 - INFO - 339 : ActivityCompleted: Activity=ComputeMetrics, HowEnded=Success, Duration=34.91[ms]
2019-09-10 21:24:07,636 - INFO - 339 : ActivityCompleted: Activity=TrainFull, HowEnded=Success, Duration=457.77[ms]
2019-09-10 21:24:07,713 - INFO - 339 : ActivityCompleted: Activity=Run, HowEnded=Success, Duration=579.45[ms]
2019-09-10 21:24:07,714 - INFO - 199 : ActivityCompleted: Activity=RunPipeline, HowEnded=Success, Duration=16114.82[ms]
2019-09-10 21:24:07,714 - INFO - 199 : [RunId:AutoML_b6ad9b99-21ed-4cf0-9945-3d296ca2c7eb_0][After executing pipeline]memory usage 319045632
2019-09-10 21:24:07,714 - INFO - 199 : [RunId:AutoML_b6ad9b99-21ed-4cf0-9945-3d296ca2c7eb_0][After executing pipeline]child memory usage 319045632
2019-09-10 21:24:07,715 - INFO - 199 : [RunId:AutoML_b6ad9b99-21ed-4cf0-9945-3d296ca2c7eb_0][After executing pipeline]cpu time 8.4375
2019-09-10 21:24:07,715 - INFO - 199 : [RunId:AutoML_b6ad9b99-21ed-4cf0-9945-3d296ca2c7eb_0][After executing pipeline]child cpu time 5.625
2019-09-10 21:24:07,715 - INFO - 199 : Pipeline execution finished with a score of 0.8225538161237435
2019-09-10 21:24:07,715 - INFO - 199 : Start logging metrics for child run.
2019-09-10 21:24:07,716 - INFO - 199 : ActivityStarted: MetricsAndSaveModel
2019-09-10 21:24:08,781 - INFO - 199 : memory usage 319148032
2019-09-10 21:24:08,782 - INFO - 199 : child memory usage 319152128
2019-09-10 21:24:08,782 - INFO - 199 : cpu time 8.546875
2019-09-10 21:24:08,783 - INFO - 199 : child cpu time 5.625
2019-09-10 21:24:18,783 - INFO - 199 : memory usage 319655936
2019-09-10 21:24:18,784 - INFO - 199 : child memory usage 319660032
2019-09-10 21:24:18,784 - INFO - 199 : cpu time 8.890625
2019-09-10 21:24:18,798 - INFO - 199 : child cpu time 5.625
2019-09-10 21:24:19,108 - WARNING - 199 : Did not recognize metric: predict_time. Will not log.
2019-09-10 21:24:19,108 - WARNING - 199 : Did not recognize metric: fit_time. Will not log.
2019-09-10 21:24:19,108 - WARNING - 199 : Did not recognize metric: train time. Will not log.
2019-09-10 21:24:19,109 - INFO - 199 : run_id:AutoML_b6ad9b99-21ed-4cf0-9945-3d296ca2c7eb_0, pipeline_id:97979b3edafb81e81476b4a3c3ac02da4c90eed5,The following metrics have been logged for the child run: {'explained_variance': 0.5762178083702874, 'mean_absolute_percentage_error': 33.580539127766926, 'root_mean_squared_log_error': 0.3677776993973721, 'median_absolute_error': 43626.863264288826, 'mean_absolute_error': 56047.293798732906, 'normalized_root_mean_squared_error': 0.15485402180005647, 'r2_score': 0.576074181832724, 'predicted_true': <class 'dict'>, 'root_mean_squared_error': 75104.51028107101, 'normalized_median_absolute_error': 0.08995192445451528, 'normalized_mean_absolute_error': 0.11556095397283499, 'spearman_correlation': 0.8225538161237435, 'normalized_root_mean_squared_log_error': 0.10488270567227083, 'residuals': <class 'dict'>, 'predict_time': 0.004587800000000001, 'fit_time': 0.2609028, 'train time': 0.2654906}.
2019-09-10 21:24:21,708 - INFO - 199 : Component CompleteRun finished after 0.5019067333333334 minutes.
2019-09-10 21:24:21,709 - INFO - 199 : ActivityCompleted: Activity=MetricsAndSaveModel, HowEnded=Success, Duration=13994.59[ms]
2019-09-10 21:24:25,228 - INFO - 199 : [RunId:AutoML_b6ad9b99-21ed-4cf0-9945-3d296ca2c7eb_0][End fit_pipeline]memory usage 320565248
2019-09-10 21:24:25,229 - INFO - 199 : [RunId:AutoML_b6ad9b99-21ed-4cf0-9945-3d296ca2c7eb_0][End fit_pipeline]child memory usage 320565248
2019-09-10 21:24:25,230 - INFO - 199 : [RunId:AutoML_b6ad9b99-21ed-4cf0-9945-3d296ca2c7eb_0][End fit_pipeline]cpu time 9.1875
2019-09-10 21:24:25,282 - INFO - 199 : [RunId:AutoML_b6ad9b99-21ed-4cf0-9945-3d296ca2c7eb_0][End fit_pipeline]child cpu time 5.625
2019-09-10 21:24:25,293 - INFO - 199 : ActivityCompleted: Activity=FitIteration, HowEnded=Success, Duration=38671.56 [ms]
2019-09-10 21:24:25,294 - INFO - 199 : Start iteration: 1
2019-09-10 21:24:25,295 - INFO - 199 : ActivityStarted, FitIteration
2019-09-10 21:24:25,295 - INFO - 199 : ActivityStarted, GetPipeline
2019-09-10 21:24:25,296 - INFO - 199 : Querying Jasmine for next task.
2019-09-10 21:24:27,077 - INFO - 199 : ActivityCompleted: Activity=GetPipeline, HowEnded=Success, Duration=1782.24 [ms]
2019-09-10 21:24:27,077 - INFO - 199 : Received pipeline ID 509be37c39972b34deee7a2fde5a747d91172465
2019-09-10 21:24:28,829 - INFO - 199 : memory usage 320614400
2019-09-10 21:24:28,829 - INFO - 199 : child memory usage 320618496
2019-09-10 21:24:28,830 - INFO - 199 : cpu time 9.390625
2019-09-10 21:24:28,830 - INFO - 199 : child cpu time 5.625
2019-09-10 21:24:30,660 - INFO - 199 : [RunId:AutoML_b6ad9b99-21ed-4cf0-9945-3d296ca2c7eb_1]CPU logical cores: 8, CPU cores: 4, virtual memory: 34156810240, swap memory: 39257083904.
2019-09-10 21:24:30,661 - INFO - 199 : [RunId:AutoML_b6ad9b99-21ed-4cf0-9945-3d296ca2c7eb_1]Platform information: Windows-10-10.0.17134-SP0.
2019-09-10 21:24:30,672 - INFO - 199 : All versions str:
{"widgetsnbextension": "3.5.1", "wheel": "0.30.0", "websocket-client": "0.56.0", "webencodings": "0.5.1", "wcwidth": "0.1.7", "urllib3": "1.25.3", "typing": "3.7.4.1", "typing-extensions": "3.7.4", "traitlets": "4.3.2", "tqdm": "4.35.0", "tornado": "6.0.3", "textwrap3": "0.9.2", "testpath": "0.4.2", "terminado": "0.8.2", "tenacity": "5.1.1", "statsmodels": "0.10.1", "smart-open": "1.8.4", "sklearn-pandas": "1.7.0", "skl2onnx": "1.4.9", "six": "1.12.0", "setuptools": "41.2.0", "send2trash": "1.5.0", "secretstorage": "3.1.1", "scipy": "1.1.0", "scikit-learn": "0.20.3", "s3transfer": "0.2.1", "ruamel.yaml": "0.15.89", "resource": "0.2.1", "requests": "2.22.0", "requests-oauthlib": "1.2.0", "pyzmq": "18.1.0", "pyyaml": "5.1.2", "pywinpty": "0.5.5", "pywin32": "224", "pytz": "2019.2", "python-easyconfig": "0.1.7", "python-dateutil": "2.8.0", "pyrsistent": "0.15.4", "pypiwin32": "223", "pyopenssl": "19.0.0", "pyjwt": "1.7.1", "pygments": "2.4.2", "pycparser": "2.19", "pyasn1": "0.4.7", "protobuf": "3.9.1", "prompt-toolkit": "2.0.9", "prometheus-client": "0.7.1", "pmdarima": "1.1.1", "pickleshare": "0.7.5", "patsy": "0.5.1", "pathspec": "0.5.9", "parso": "0.5.1", "papermill": "1.1.0", "pandocfilters": "1.4.2", "pandas": "0.23.4", "onnxmltools": "1.4.1", "onnxconverter-common": "1.5.3", "onnx": "1.5.0", "oauthlib": "3.1.0", "numpy": "1.16.2", "notebook": "6.0.1", "nimbusml": "1.4.0", "ndg-httpsclient": "0.5.1", "nbformat": "4.4.0", "nbconvert": "5.6.0", "msrestazure": "0.6.1", "msrest": "0.6.10", "mistune": "0.8.4", "markupsafe": "1.1.1", "lightgbm": "2.2.3", "keras2onnx": "1.5.1", "jupyter-core": "4.5.0", "jupyter-client": "5.3.1", "jsonsir": "0.0.2", "jsonschema": "3.0.2", "jsonpickle": "1.2", "jsonform": "0.0.2", "jmespath": "0.9.4", "jinja2": "2.10.1", "jeepney": "0.4.1", "jedi": "0.15.1", "isodate": "0.6.0", "ipywidgets": "7.5.1", "ipython": "7.8.0", "ipython-genutils": "0.2.0", "ipykernel": "5.1.2", "idna": "2.8", "gensim": "3.8.0", "future": "0.17.1", "fusepy": "3.0.1", "entrypoints": "0.3", "dotnetcore2": "2.1.8.1", "docutils": "0.15.2", "docker": "4.0.2", "distro": "1.4.0", "dill": "0.3.0", "defusedxml": "0.6.0", "decorator": "4.4.0", "cython": "0.29.13", "cryptography": "2.7", "contextlib2": "0.5.5", "colorama": "0.4.1", "cloudpickle": "1.2.1", "click": "7.0", "chardet": "3.0.4", "cffi": "1.12.3", "certifi": "2019.6.16", "botocore": "1.12.224", "boto3": "1.9.224", "boto": "2.49.0", "bleach": "3.1.0", "backports.weakref": "1.0.post1", "backports.tempfile": "1.0", "backcall": "0.1.0", "azureml-widgets": "1.0.60", "azureml-train": "1.0.60", "azureml-train-restclients-hyperdrive": "1.0.60", "azureml-train-core": "1.0.60", "azureml-train-automl": "1.0.60.2", "azureml-telemetry": "1.0.60", "azureml-sdk": "1.0.60", "azureml-pipeline": "1.0.60", "azureml-pipeline-steps": "1.0.60", "azureml-pipeline-core": "1.0.60", "azureml-dataprep": "1.1.14", "azureml-dataprep-native": "13.0.3", "azureml-core": "1.0.60", "azureml-contrib-notebook": "1.0.60", "azureml-automl-core": "1.0.60", "azure-mgmt-storage": "4.0.0", "azure-mgmt-resource": "4.0.0", "azure-mgmt-keyvault": "2.0.0", "azure-mgmt-containerregistry": "2.8.0", "azure-mgmt-authorization": "0.60.0", "azure-graphrbac": "0.61.1", "azure-common": "1.1.23", "attrs": "19.1.0", "asn1crypto": "0.24.0", "applicationinsights": "0.11.9", "ansiwrap": "0.8.4", "adal": "1.2.2", "zipp": "0.3.3", "zict": "0.1.4", "xlwt": "1.3.0", "xlwings": "0.15.4", "xlsxwriter": "1.1.5", "xlrd": "1.2.0", "xgboost": "0.90", "wrapt": "1.11.1", "wincertstore": "0.2", "win-unicode-console": "0.5", "win-inet-pton": "1.1.0", "werkzeug": "0.14.1", "webcolors": "1.9.1", "unicodecsv": "0.14.1", "toolz": "0.9.0", "termcolor": "1.1.0", "tensorflow": "1.14.0", "tensorflow-estimator": "1.14.0", "tensorboard": "1.14.0", "tblib": "1.3.2", "tables": "3.5.1", "sympy": "1.3", "sqlparse": "0.3.0", "sqlalchemy": "1.3.1", "spyder": "3.3.3", "spyder-kernels": "0.4.2", "sphinxcontrib-websupport": "1.1.0", "sphinx": "1.8.5", "speechrecognition": "3.8.1", "soupsieve": "1.8", "sortedcontainers": "2.1.0", "sortedcollections": "1.1.2", "snowballstemmer": "1.2.1", "sklearn": "0.0", "singledispatch": "3.4.0.3", "simplegeneric": "0.8.1", "seaborn": "0.9.0", "scikit-image": "0.14.2", "ruamel-yaml": "0.15.46", "rope": "0.12.0", "retrying": "1.3.3", "rake-nltk": "1.0.4", "qtpy": "1.7.0", "qtconsole": "4.4.3", "qtawesome": "0.5.7", "pywavelets": "1.0.2", "pytest": "4.3.1", "pytest-remotedata": "0.3.1", "pytest-openfiles": "0.3.2", "pytest-doctestplus": "0.3.0", "pytest-astropy": "0.5.0", "pytest-arraydiff": "0.3", "pyspark": "2.4.4", "pysocks": "1.6.8", "pyreadline": "2.1", "pyparsing": "2.3.1", "pyodbc": "4.0.26", "pylint": "2.3.1", "pyforest": "0.1.1", "pyflakes": "2.1.1", "pycurl": "7.43.0.2", "pycrypto": "2.6.1", "pycosat": "0.6.3", "pycodestyle": "2.5.0", "pyarrow": "0.13.0", "py4j": "0.10.7", "py": "1.8.0", "psutil": "5.6.1", "progressbar": "2.5", "proglog": "0.1.9", "ply": "3.11", "pluggy": "0.9.0", "plotly": "3.10.0", "pkginfo": "1.5.0.1", "pip": "19.0.3", "pillow": "5.4.1", "pep8": "1.7.1", "pbr": "5.2.0", "pathlib2": "2.3.3", "path.py": "11.5.0", "partd": "0.3.10", "packaging": "19.0", "osqp": "0.6.1", "openpyxl": "2.6.1", "opencv-python": "4.1.0.25", "olefile": "0.46", "numpydoc": "0.8.0", "numexpr": "2.6.9", "numba": "0.43.1", "nose": "1.3.7", "nltk": "3.4", "networkx": "2.2", "navigator-updater": "0.2.1", "multipledispatch": "0.6.0", "multimethods": "1.0.0", "msgpack": "0.6.1", "mpmath": "1.1.0", "moviepy": "1.0.0", "more-itertools": "6.0.0", "mock": "2.0.0", "mkl-random": "1.0.2", "mkl-fft": "1.0.10", "missingpy": "0.2.0", "menuinst": "1.4.16", "mccabe": "0.6.1", "matplotlib": "3.0.3", "markdown": "3.1", "lxml": "4.3.2", "locket": "0.2.0", "llvmlite": "0.28.0", "libarchive-c": "2.8", "lazy-object-proxy": "1.3.1", "knnimpute": "0.1.0", "kiwisolver": "1.0.1", "keyring": "18.0.0", "keras": "2.2.4", "keras-preprocessing": "1.0.9", "keras-applications": "1.0.7", "jupyterlab": "0.35.4", "jupyterlab-server": "0.2.0", "jupyter": "1.0.0", "jupyter-console": "6.0.0", "jdcal": "1.4", "itsdangerous": "1.1.0", "isort": "4.3.16", "importlib-metadata": "0.0.0", "import-ipynb": "0.1.3", "imagesize": "1.1.0", "imageio": "2.5.0", "imageio-ffmpeg": "0.3.0", "imageai": "2.0.3", "html5lib": "1.0.1", "heapdict": "1.0.0", "h5py": "2.9.0", "grpcio": "1.20.1", "greenlet": "0.4.15", "google-pasta": "0.1.7", "glob2": "0.6", "gevent": "1.4.0", "gast": "0.2.2", "flask": "1.0.2", "flask-compress": "1.4.0", "filelock": "3.0.10", "fastcache": "1.0.2", "et-xmlfile": "1.0.1", "django": "2.2", "distributed": "1.26.0", "dask": "1.1.4", "dash": "0.43.0", "dash-table": "3.7.0", "dash-renderer": "0.24.0", "dash-html-components": "0.16.0", "dash-core-components": "0.48.0", "cytoolz": "0.9.0.1", "cycler": "0.10.0", "conda": "4.6.11", "conda-verify": "3.1.1", "conda-build": "3.17.8", "comtypes": "1.1.7", "clyent": "1.2.2", "bottleneck": "1.2.1", "bokeh": "1.0.4", "bkcharts": "0.2", "bitarray": "0.8.3", "beautifulsoup4": "4.7.1", "backports.shutil-get-terminal-size": "1.0.0", "backports.os": "0.1.1", "babel": "2.6.0", "azureml-opendatasets": "1.0.60", "azure-storage-common": "2.1.0", "azure-storage-blob": "2.1.0", "azure-cognitiveservices-vision-customvision": "1.0.0", "atomicwrites": "1.3.0", "astropy": "3.1.2", "astroid": "2.2.5", "astor": "0.7.1", "anaconda-project": "0.8.2", "anaconda-navigator": "1.9.7", "anaconda-client": "1.7.2", "alabaster": "0.7.12", "absl-py": "0.7.1"}
2019-09-10 21:24:30,679 - INFO - 199 : [RunId:AutoML_b6ad9b99-21ed-4cf0-9945-3d296ca2c7eb_1][Starting fit_pipeline]memory usage 320606208
2019-09-10 21:24:30,680 - INFO - 199 : [RunId:AutoML_b6ad9b99-21ed-4cf0-9945-3d296ca2c7eb_1][Starting fit_pipeline]child memory usage 320606208
2019-09-10 21:24:30,695 - INFO - 199 : [RunId:AutoML_b6ad9b99-21ed-4cf0-9945-3d296ca2c7eb_1][Starting fit_pipeline]cpu time 9.421875
2019-09-10 21:24:30,701 - INFO - 199 : [RunId:AutoML_b6ad9b99-21ed-4cf0-9945-3d296ca2c7eb_1][Starting fit_pipeline]child cpu time 5.625
2019-09-10 21:24:30,702 - INFO - 199 : [RunId:AutoML_b6ad9b99-21ed-4cf0-9945-3d296ca2c7eb_1]CPU logical cores: 8, CPU cores: 4, virtual memory: 34156810240, swap memory: 39257083904.
2019-09-10 21:24:30,703 - INFO - 199 : [RunId:AutoML_b6ad9b99-21ed-4cf0-9945-3d296ca2c7eb_1]Platform information: Windows-10-10.0.17134-SP0.
2019-09-10 21:24:30,703 - INFO - 199 : Using child run AutoML_b6ad9b99-21ed-4cf0-9945-3d296ca2c7eb_1
2019-09-10 21:24:30,703 - INFO - 199 : [RunId:AutoML_b6ad9b99-21ed-4cf0-9945-3d296ca2c7eb_1][Before preprocess]memory usage 320614400
2019-09-10 21:24:30,703 - INFO - 199 : [RunId:AutoML_b6ad9b99-21ed-4cf0-9945-3d296ca2c7eb_1][Before preprocess]child memory usage 320614400
2019-09-10 21:24:30,703 - INFO - 199 : [RunId:AutoML_b6ad9b99-21ed-4cf0-9945-3d296ca2c7eb_1][Before preprocess]cpu time 9.453125
2019-09-10 21:24:30,704 - INFO - 199 : [RunId:AutoML_b6ad9b99-21ed-4cf0-9945-3d296ca2c7eb_1][Before preprocess]child cpu time 5.625
2019-09-10 21:24:30,704 - INFO - 199 : [RunId:AutoML_b6ad9b99-21ed-4cf0-9945-3d296ca2c7eb_1][Before executing pipeline]memory usage 320614400
2019-09-10 21:24:30,704 - INFO - 199 : [RunId:AutoML_b6ad9b99-21ed-4cf0-9945-3d296ca2c7eb_1][Before executing pipeline]child memory usage 320614400
2019-09-10 21:24:30,704 - INFO - 199 : [RunId:AutoML_b6ad9b99-21ed-4cf0-9945-3d296ca2c7eb_1][Before executing pipeline]cpu time 9.453125
2019-09-10 21:24:30,705 - INFO - 199 : [RunId:AutoML_b6ad9b99-21ed-4cf0-9945-3d296ca2c7eb_1][Before executing pipeline]child cpu time 5.625
2019-09-10 21:24:30,705 - INFO - 199 : Start executing pipeline {"objects": [{"class_name": "MinMaxScaler", "module": "sklearn.preprocessing", "param_args": [], "param_kwargs": {}, "prepared_kwargs": {}, "spec_class": "preproc"}, {"class_name": "RandomForestRegressor", "module": "sklearn.ensemble", "param_args": [], "param_kwargs": {"bootstrap": true, "criterion": "mse", "max_features": 0.9, "min_samples_leaf": 0.006151578686713196, "min_samples_split": 0.010734188827013528, "n_estimators": 25}, "prepared_kwargs": {}, "spec_class": "sklearn"}], "pipeline_id": "509be37c39972b34deee7a2fde5a747d91172465"}.
2019-09-10 21:24:30,705 - INFO - 199 : Running with the following AutoML settings:
 - name: House
 - subscription_id: 516418a1-d9c1-42cd-a33a-27afc3113f96
 - region: westus
 - spark_context: None
 - spark_service: None
 - iterations: 2
 - primary_metric: spearman_correlation
 - task_type: regression
 - validation_size: 0.0
 - n_cross_validations: 5
 - y_min: 14999.0
 - y_max: 500001.0
 - num_classes: None
 - preprocess: True
 - lag_length: 0
 - is_timeseries: False
 - max_cores_per_iteration: 1
 - max_concurrent_iterations: 1
 - iteration_timeout_minutes: 2
 - mem_in_mb: None
 - enforce_time_on_windows: True
 - experiment_timeout_minutes: None
 - experiment_exit_score: None
 - whitelist_models: None
 - blacklist_algos: ['KNN', 'KNN', 'SVM']
 - auto_blacklist: True
 - blacklist_samples_reached: True
 - exclude_nan_labels: True
 - verbosity: 20
 - show_warnings: False
 - model_explainability: False
 - service_url: None
 - sdk_url: None
 - sdk_packages: None
 - enable_onnx_compatible_models: False
 - enable_feature_sweeping: True
 - telemetry_verbosity: INFO
 - send_telemetry: True
 - enable_early_stopping: False
 - early_stopping_n_iters: 10
 - metrics: None
 - enable_ensembling: False
 - enable_stack_ensembling: False
 - ensemble_iterations: None
 - enable_tf: False
 - enable_cache: True
 - enable_subsampling: False
 - subsample_seed: None
 - enable_nimbusml: False
 - use_incremental_learning: False
 - cost_mode: 0
 - metric_operation: maximize
2019-09-10 21:24:30,705 - INFO - 199 : Component PrepareData finished after 0.0005492166666666667 minutes.
2019-09-10 21:24:30,706 - INFO - 199 : ActivityStarted: RunPipeline
2019-09-10 21:24:38,830 - INFO - 199 : memory usage 320569344
2019-09-10 21:24:38,831 - INFO - 199 : child memory usage 395538432
2019-09-10 21:24:38,832 - INFO - 199 : cpu time 9.640625
2019-09-10 21:24:38,880 - INFO - 199 : child cpu time 7.078125
2019-09-10 21:24:46,898 - INFO - 324 : ActivityStarted: Run
2019-09-10 21:24:46,935 - INFO - 324 : ActivityStarted: RunCV
2019-09-10 21:24:46,937 - INFO - 324 : ActivityStarted: TimeFit
2019-09-10 21:24:47,444 - INFO - 339 : ActivityCompleted: Activity=TimeFit, HowEnded=Success, Duration=506.64[ms]
2019-09-10 21:24:47,445 - INFO - 324 : ActivityStarted: ComputeMetrics
2019-09-10 21:24:47,445 - INFO - 324 : ActivityStarted: Predict
2019-09-10 21:24:47,450 - INFO - 339 : ActivityCompleted: Activity=Predict, HowEnded=Success, Duration=4.99[ms]
2019-09-10 21:24:47,450 - INFO - 199 : Regression metrics debug: {'y_test': (2766,), 'y_pred': (2766,), 'sample_weight': None}
2019-09-10 21:24:47,456 - INFO - 339 : ActivityCompleted: Activity=ComputeMetrics, HowEnded=Success, Duration=10.97[ms]
2019-09-10 21:24:47,459 - INFO - 324 : ActivityStarted: TimeFit
2019-09-10 21:24:48,022 - INFO - 339 : ActivityCompleted: Activity=TimeFit, HowEnded=Success, Duration=563.46[ms]
2019-09-10 21:24:48,023 - INFO - 324 : ActivityStarted: ComputeMetrics
2019-09-10 21:24:48,023 - INFO - 324 : ActivityStarted: Predict
2019-09-10 21:24:48,029 - INFO - 339 : ActivityCompleted: Activity=Predict, HowEnded=Success, Duration=5.98[ms]
2019-09-10 21:24:48,029 - INFO - 199 : Regression metrics debug: {'y_test': (2766,), 'y_pred': (2766,), 'sample_weight': None}
2019-09-10 21:24:48,036 - INFO - 339 : ActivityCompleted: Activity=ComputeMetrics, HowEnded=Success, Duration=12.97[ms]
2019-09-10 21:24:48,039 - INFO - 324 : ActivityStarted: TimeFit
2019-09-10 21:24:48,619 - INFO - 339 : ActivityCompleted: Activity=TimeFit, HowEnded=Success, Duration=579.45[ms]
2019-09-10 21:24:48,619 - INFO - 324 : ActivityStarted: ComputeMetrics
2019-09-10 21:24:48,619 - INFO - 324 : ActivityStarted: Predict
2019-09-10 21:24:48,625 - INFO - 339 : ActivityCompleted: Activity=Predict, HowEnded=Success, Duration=5.98[ms]
2019-09-10 21:24:48,625 - INFO - 199 : Regression metrics debug: {'y_test': (2766,), 'y_pred': (2766,), 'sample_weight': None}
2019-09-10 21:24:48,631 - INFO - 339 : ActivityCompleted: Activity=ComputeMetrics, HowEnded=Success, Duration=11.97[ms]
2019-09-10 21:24:48,634 - INFO - 324 : ActivityStarted: TimeFit
2019-09-10 21:24:48,894 - INFO - 199 : memory usage 320573440
2019-09-10 21:24:48,895 - INFO - 199 : child memory usage 580198400
2019-09-10 21:24:48,895 - INFO - 199 : cpu time 9.734375
2019-09-10 21:24:48,895 - INFO - 199 : child cpu time 11.453125
2019-09-10 21:24:49,184 - INFO - 339 : ActivityCompleted: Activity=TimeFit, HowEnded=Success, Duration=550.56[ms]
2019-09-10 21:24:49,184 - INFO - 324 : ActivityStarted: ComputeMetrics
2019-09-10 21:24:49,184 - INFO - 324 : ActivityStarted: Predict
2019-09-10 21:24:49,190 - INFO - 339 : ActivityCompleted: Activity=Predict, HowEnded=Success, Duration=5.98[ms]
2019-09-10 21:24:49,190 - INFO - 199 : Regression metrics debug: {'y_test': (2765,), 'y_pred': (2765,), 'sample_weight': None}
2019-09-10 21:24:49,197 - INFO - 339 : ActivityCompleted: Activity=ComputeMetrics, HowEnded=Success, Duration=12.96[ms]
2019-09-10 21:24:49,200 - INFO - 324 : ActivityStarted: TimeFit
2019-09-10 21:24:49,766 - INFO - 339 : ActivityCompleted: Activity=TimeFit, HowEnded=Success, Duration=565.49[ms]
2019-09-10 21:24:49,766 - INFO - 324 : ActivityStarted: ComputeMetrics
2019-09-10 21:24:49,766 - INFO - 324 : ActivityStarted: Predict
2019-09-10 21:24:49,772 - INFO - 339 : ActivityCompleted: Activity=Predict, HowEnded=Success, Duration=5.98[ms]
2019-09-10 21:24:49,773 - INFO - 199 : Regression metrics debug: {'y_test': (2765,), 'y_pred': (2765,), 'sample_weight': None}
2019-09-10 21:24:49,779 - INFO - 339 : ActivityCompleted: Activity=ComputeMetrics, HowEnded=Success, Duration=12.97[ms]
2019-09-10 21:24:49,779 - INFO - 339 : ActivityCompleted: Activity=RunCV, HowEnded=Success, Duration=2844.35[ms]
2019-09-10 21:24:49,780 - INFO - 324 : ActivityStarted: RunCVMean
2019-09-10 21:24:49,782 - INFO - 339 : ActivityCompleted: Activity=RunCVMean, HowEnded=Success, Duration=1.99[ms]
2019-09-10 21:24:49,830 - INFO - 339 : ActivityCompleted: Activity=Run, HowEnded=Success, Duration=2931.12[ms]
2019-09-10 21:24:49,843 - INFO - 324 : ActivityStarted: Run
2019-09-10 21:24:49,850 - INFO - 324 : ActivityStarted: TrainFull
2019-09-10 21:24:49,851 - INFO - 324 : ActivityStarted: TimeFit
2019-09-10 21:24:50,701 - INFO - 339 : ActivityCompleted: Activity=TimeFit, HowEnded=Success, Duration=849.74[ms]
2019-09-10 21:24:50,701 - INFO - 324 : ActivityStarted: ComputeMetrics
2019-09-10 21:24:50,701 - INFO - 324 : ActivityStarted: Predict
2019-09-10 21:24:50,727 - INFO - 339 : ActivityCompleted: Activity=Predict, HowEnded=Success, Duration=24.92[ms]
2019-09-10 21:24:50,727 - INFO - 199 : Regression metrics debug: {'y_test': (13828,), 'y_pred': (13828,), 'sample_weight': None}
2019-09-10 21:24:50,740 - INFO - 339 : ActivityCompleted: Activity=ComputeMetrics, HowEnded=Success, Duration=38.89[ms]
2019-09-10 21:24:50,741 - INFO - 339 : ActivityCompleted: Activity=TrainFull, HowEnded=Success, Duration=890.62[ms]
2019-09-10 21:24:50,805 - INFO - 339 : ActivityCompleted: Activity=Run, HowEnded=Success, Duration=961.49[ms]
2019-09-10 21:24:50,806 - INFO - 199 : ActivityCompleted: Activity=RunPipeline, HowEnded=Success, Duration=20099.78[ms]
2019-09-10 21:24:50,806 - INFO - 199 : [RunId:AutoML_b6ad9b99-21ed-4cf0-9945-3d296ca2c7eb_1][After executing pipeline]memory usage 325967872
2019-09-10 21:24:50,806 - INFO - 199 : [RunId:AutoML_b6ad9b99-21ed-4cf0-9945-3d296ca2c7eb_1][After executing pipeline]child memory usage 325967872
2019-09-10 21:24:50,806 - INFO - 199 : [RunId:AutoML_b6ad9b99-21ed-4cf0-9945-3d296ca2c7eb_1][After executing pipeline]cpu time 10.75
2019-09-10 21:24:50,807 - INFO - 199 : [RunId:AutoML_b6ad9b99-21ed-4cf0-9945-3d296ca2c7eb_1][After executing pipeline]child cpu time 12.65625
2019-09-10 21:24:50,807 - INFO - 199 : Pipeline execution finished with a score of 0.8627312038546939
2019-09-10 21:24:50,807 - INFO - 199 : Start logging metrics for child run.
2019-09-10 21:24:50,807 - INFO - 199 : ActivityStarted: MetricsAndSaveModel
2019-09-10 21:24:58,904 - INFO - 199 : memory usage 326414336
2019-09-10 21:24:58,907 - INFO - 199 : child memory usage 326418432
2019-09-10 21:24:58,935 - INFO - 199 : cpu time 11.0
2019-09-10 21:24:58,936 - INFO - 199 : child cpu time 12.65625
2019-09-10 21:25:08,958 - INFO - 199 : memory usage 326414336
2019-09-10 21:25:08,959 - INFO - 199 : child memory usage 326418432
2019-09-10 21:25:08,960 - INFO - 199 : cpu time 11.078125
2019-09-10 21:25:08,960 - INFO - 199 : child cpu time 12.65625
2019-09-10 21:25:18,991 - INFO - 199 : memory usage 326410240
2019-09-10 21:25:18,992 - INFO - 199 : child memory usage 326414336
2019-09-10 21:25:18,992 - INFO - 199 : cpu time 11.171875
2019-09-10 21:25:19,001 - INFO - 199 : child cpu time 12.65625
2019-09-10 21:25:29,027 - INFO - 199 : memory usage 326397952
2019-09-10 21:25:29,028 - INFO - 199 : child memory usage 326402048
2019-09-10 21:25:29,028 - INFO - 199 : cpu time 11.234375
2019-09-10 21:25:29,028 - INFO - 199 : child cpu time 12.65625
2019-09-10 21:25:37,488 - WARNING - 199 : Did not recognize metric: fit_time. Will not log.
2019-09-10 21:25:37,489 - WARNING - 199 : Did not recognize metric: predict_time. Will not log.
2019-09-10 21:25:37,490 - WARNING - 199 : Did not recognize metric: train time. Will not log.
2019-09-10 21:25:37,490 - INFO - 199 : run_id:AutoML_b6ad9b99-21ed-4cf0-9945-3d296ca2c7eb_1, pipeline_id:509be37c39972b34deee7a2fde5a747d91172465,The following metrics have been logged for the child run: {'spearman_correlation': 0.8627312038546939, 'predicted_true': <class 'dict'>, 'median_absolute_error': 29514.19704499828, 'explained_variance': 0.714497782855507, 'mean_absolute_error': 42746.25006791637, 'normalized_root_mean_squared_error': 0.12704464344941044, 'normalized_median_absolute_error': 0.06085376358241466, 'root_mean_squared_error': 61616.906162250976, 'residuals': <class 'dict'>, 'normalized_root_mean_squared_log_error': 0.0833235155690008, 'r2_score': 0.714442047397714, 'mean_absolute_percentage_error': 23.822672512974826, 'root_mean_squared_log_error': 0.2921790648443398, 'normalized_mean_absolute_error': 0.08813623462978787, 'fit_time': 0.5529211999999999, 'predict_time': 0.0059842, 'train time': 0.5589054}.
2019-09-10 21:25:39,039 - INFO - 199 : memory usage 327827456
2019-09-10 21:25:39,039 - INFO - 199 : child memory usage 327831552
2019-09-10 21:25:39,039 - INFO - 199 : cpu time 11.453125
2019-09-10 21:25:39,039 - INFO - 199 : child cpu time 12.65625
2019-09-10 21:25:49,040 - INFO - 199 : memory usage 327790592
2019-09-10 21:25:49,041 - INFO - 199 : child memory usage 327790592
2019-09-10 21:25:49,041 - INFO - 199 : cpu time 11.484375
2019-09-10 21:25:49,052 - INFO - 199 : child cpu time 12.65625
2019-09-10 21:25:50,068 - INFO - 199 : Component CompleteRun finished after 1.32325475 minutes.
2019-09-10 21:25:50,068 - INFO - 199 : ActivityCompleted: Activity=MetricsAndSaveModel, HowEnded=Success, Duration=59260.57[ms]
2019-09-10 21:25:55,354 - INFO - 199 : [RunId:AutoML_b6ad9b99-21ed-4cf0-9945-3d296ca2c7eb_1][End fit_pipeline]memory usage 327790592
2019-09-10 21:25:55,355 - INFO - 199 : [RunId:AutoML_b6ad9b99-21ed-4cf0-9945-3d296ca2c7eb_1][End fit_pipeline]child memory usage 327790592
2019-09-10 21:25:55,371 - INFO - 199 : [RunId:AutoML_b6ad9b99-21ed-4cf0-9945-3d296ca2c7eb_1][End fit_pipeline]cpu time 11.640625
2019-09-10 21:25:55,371 - INFO - 199 : [RunId:AutoML_b6ad9b99-21ed-4cf0-9945-3d296ca2c7eb_1][End fit_pipeline]child cpu time 12.65625
2019-09-10 21:25:55,412 - INFO - 199 : ActivityCompleted: Activity=FitIteration, HowEnded=Success, Duration=90117.62 [ms]
2019-09-10 21:25:58,013 - INFO - 199 : Stopping usage telemetry collection
2019-09-10 21:25:58,013 - INFO - 199 : Run Complete.
